mode: atomic
github.com/Builder106/halberd/cmd/halberd/main.go:18.2,18.22 1 0
github.com/Builder106/halberd/cmd/halberd/main.go:19.3,21.1 2 0
github.com/Builder106/halberd/cmd/halberd/main.go:22.2,22.20 1 0
github.com/Builder106/halberd/cmd/halberd/main.go:24.3,24.32 1 0
github.com/Builder106/halberd/cmd/halberd/main.go:26.3,26.23 1 0
github.com/Builder106/halberd/cmd/halberd/main.go:28.3,28.10 1 0
github.com/Builder106/halberd/cmd/halberd/main.go:30.3,32.13 3 0
github.com/Builder106/halberd/cmd/halberd/main.go:37.2,43.1 1 1
github.com/Builder106/halberd/cmd/halberd/main.go:46.2,46.20 1 3
github.com/Builder106/halberd/cmd/halberd/main.go:47.3,49.1 2 1
github.com/Builder106/halberd/cmd/halberd/main.go:50.2,51.16 2 2
github.com/Builder106/halberd/cmd/halberd/main.go:52.3,54.1 2 1
github.com/Builder106/halberd/cmd/halberd/main.go:55.2,56.10 2 1
github.com/Builder106/halberd/cmd/halberd-honeypot/main.go:43.2,48.1 8 0
github.com/Builder106/halberd/cmd/halberd-honeypot/main.go:50.2,52.12 8 0
github.com/Builder106/halberd/cmd/halberd-honeypot/main.go:53.3,55.1 2 0
github.com/Builder106/halberd/cmd/halberd-honeypot/main.go:57.2,57.78 1 0
github.com/Builder106/halberd/cmd/halberd-honeypot/main.go:58.3,60.1 2 0
github.com/Builder106/halberd/cmd/halberd-honeypot/main.go:67.2,69.1 5 0
github.com/Builder106/halberd/cmd/halberd-honeypot/main.go:70.2,72.1 5 0
github.com/Builder106/halberd/cmd/halberd-honeypot/main.go:73.2,73.16 5 0
github.com/Builder106/halberd/cmd/halberd-honeypot/main.go:74.3,80.1 3 0
github.com/Builder106/halberd/cmd/halberd-honeypot/main.go:81.3,81.52 3 0
github.com/Builder106/halberd/cmd/halberd-honeypot/main.go:82.4,83.12 2 0
github.com/Builder106/halberd/cmd/halberd-honeypot/main.go:87.3,87.23 1 0
github.com/Builder106/halberd/cmd/halberd-honeypot/main.go:88.4,88.12 1 0
github.com/Builder106/halberd/cmd/halberd-honeypot/main.go:91.3,92.42 2 0
github.com/Builder106/halberd/cmd/halberd-honeypot/main.go:93.4,94.1 1 0
github.com/Builder106/halberd/cmd/halberd-honeypot/main.go:96.2,96.17 1 0
github.com/Builder106/halberd/cmd/halberd-honeypot/main.go:112.2,113.1 2 0
github.com/Builder106/halberd/cmd/halberd-honeypot/main.go:114.2,114.16 2 0
github.com/Builder106/halberd/cmd/halberd-honeypot/main.go:116.3,120.1 1 0
github.com/Builder106/halberd/cmd/halberd-honeypot/main.go:122.3,122.30 1 0
github.com/Builder106/halberd/cmd/halberd-honeypot/main.go:124.3,124.47 1 0
github.com/Builder106/halberd/cmd/halberd-honeypot/main.go:126.3,126.30 1 0
github.com/Builder106/halberd/cmd/halberd-honeypot/main.go:128.3,128.76 1 0
github.com/Builder106/halberd/cmd/halberd-honeypot/main.go:130.2,130.10 1 0
github.com/Builder106/halberd/cmd/halberd-honeypot/tools.go:49.2,52.1 2 0
github.com/Builder106/halberd/cmd/halberd-honeypot/tools.go:53.2,53.51 2 0
github.com/Builder106/halberd/cmd/halberd-honeypot/tools.go:54.3,55.1 1 0
github.com/Builder106/halberd/cmd/halberd-honeypot/tools.go:57.2,57.16 1 0
github.com/Builder106/halberd/cmd/halberd-honeypot/tools.go:59.3,59.33 1 0
github.com/Builder106/halberd/cmd/halberd-honeypot/tools.go:61.3,61.33 1 0
github.com/Builder106/halberd/cmd/halberd-honeypot/tools.go:63.3,63.31 1 0
github.com/Builder106/halberd/cmd/halberd-honeypot/tools.go:65.3,65.21 1 0
github.com/Builder106/halberd/cmd/halberd-honeypot/tools.go:67.3,67.62 1 0
github.com/Builder106/halberd/cmd/halberd-honeypot/tools.go:72.2,76.1 1 0
github.com/Builder106/halberd/cmd/halberd-honeypot/tools.go:80.2,85.1 1 0
github.com/Builder106/halberd/cmd/halberd-honeypot/tools.go:98.2,102.1 2 0
github.com/Builder106/halberd/cmd/halberd-honeypot/tools.go:108.2,110.1 3 0
github.com/Builder106/halberd/cmd/halberd-honeypot/tools.go:111.2,113.1 3 0
github.com/Builder106/halberd/cmd/halberd-honeypot/tools.go:120.2,122.1 2 0
github.com/Builder106/halberd/cmd/halberd-honeypot/tools.go:123.2,123.49 2 0
github.com/Builder106/halberd/cmd/halberd-honeypot/tools.go:124.3,125.1 1 0
github.com/Builder106/halberd/cmd/halberd-honeypot/tools.go:126.2,127.16 2 0
github.com/Builder106/halberd/cmd/halberd-honeypot/tools.go:128.3,129.1 1 0
github.com/Builder106/halberd/cmd/halberd-honeypot/tools.go:130.2,132.23 3 0
github.com/Builder106/halberd/cmd/halberd-honeypot/tools.go:133.3,134.1 1 0
github.com/Builder106/halberd/cmd/halberd-honeypot/tools.go:135.2,135.24 1 0
github.com/Builder106/halberd/cmd/halberd-honeypot/tools.go:154.2,161.1 2 0
github.com/Builder106/halberd/cmd/halberd-honeypot/tools.go:164.2,165.21 2 0
github.com/Builder106/halberd/cmd/halberd-honeypot/tools.go:166.3,167.1 1 0
github.com/Builder106/halberd/cmd/halberd-honeypot/tools.go:168.2,168.20 1 0
github.cgithub.com/Builder106/halberd/cmd/halberd-http/main.go:25.2,32.1 3 0
github.com/Builder106/halberd/cmd/halberd-http/main.go:33.2,33.19 3 0
github.com/Builder106/halberd/cmd/halberd-http/main.go:34.3,36.1 2 0
github.com/Builder106/halberd/cmd/halberd-http/main.go:38.2,39.16 2 0
github.com/Builder106/halberd/cmd/halberd-http/main.go:40.3,42.1 2 0
github.com/Builder106/halberd/cmd/halberd-http/main.go:44.2,45.16 2 0
github.com/Builder106/halberd/cmd/halberd-http/main.go:46.3,48.1 2 0
github.com/Builder106/halberd/cmd/halberd-http/main.go:50.2,51.16 2 0
github.com/Builder106/halberd/cmd/halberd-http/main.go:52.3,54.1 2 0
github.com/Builder106/halberd/cmd/halberd-http/main.go:55.2,56.1 8 0
github.com/Builder106/halberd/cmd/halberd-http/main.go:57.2,60.1 8 0
github.com/Builder106/halberd/cmd/halberd-http/main.go:61.2,65.1 8 0
github.com/Builder106/halberd/cmd/halberd-http/main.go:67.2,73.1 8 0
github.com/Builder106/halberd/cmd/halberd-http/main.go:74.2,75.12 8 0
github.com/Builder106/halberd/cmd/halberd-http/main.go:76.3,84.1 8 0
github.com/Builder106/halberd/cmd/halberd-http/main.go:86.2,86.86 1 0
github.com/Builder106/halberd/cmd/halberd-http/main.go:87.3,89.1 2 0
github.com/Builder106/halberd/cmd/halberd-http/main.go:90.2,91.43 2 0
github.com/Builder106/halberd/cmd/halberd-http/main.go:92.3,93.1 1 0
github.com/Builder106/halberd/cmd/halberd-http/main.go:97.2,97.17 1 3
github.com/Builder106/halberd/cmd/halberd-http/main.go:98.3,98.28 1 1
github.com/Builder106/halberd/cmd/halberd-http/main.go:98.29,98.29 0 1
github.com/Builder106/halberd/cmd/halberd-http/main.go:100.2,101.16 2 2
github.com/Builder106/halberd/cmd/halberd-http/main.go:102.3,103.1 1 1
github.com/Builder106/halberd/cmd/halberd-http/main.go:104.2,104.19 1 1
github.com/Builder106/halberd/cmd/halberd-http/main.go:104.21,104.36 1 1
github.com/Builder106/halberd/internal/jsonrpc/errors.go:11.2,19.1 2 2
github.com/Builder106/halberd/internal/jsonrpc/errors.go:20.2,21.1 2 2
github.com/Builder106/halberd/internal/audit/bus.go:48.2,48.14 1 9
github.com/Builder106/halberd/internal/audit/bus.go:49.3,50.1 1 1
github.com/Builder106/halberd/internal/audit/bus.go:51.2,55.1 4 9
github.com/Builder106/halberd/internal/audit/bus.go:56.2,58.10 4 9
github.com/Builder106/halberd/internal/audit/bus.go:71.2,71.21 1 5225
github.com/Builder106/halberd/internal/audit/bus.go:72.3,73.1 1 5224
github.com/Builder106/halberd/internal/audit/bus.go:74.2,74.9 1 5225
github.com/Builder106/halberd/internal/audit/bus.go:76.3,77.9 2 1
github.com/Builder106/halberd/internal/audit/bus.go:78.10,78.10 0 5224
github.com/Builder106/halberd/internal/audit/bus.go:80.2,80.9 1 5224
github.com/Builder106/halberd/internal/audit/bus.go:81.17,81.17 0 2112
github.com/Builder106/halberd/internal/audit/bus.go:83.3,83.19 1 3112
github.com/Builder106/halberd/internal/audit/bus.go:90.2,91.1 1 3
github.com/Builder106/halberd/internal/audit/bus.go:98.2,98.16 1 10
github.com/Builder106/halberd/internal/audit/bus.go:99.3,100.1 1 1
github.com/Builder106/halberd/internal/audit/bus.go:101.2,101.23 1 10
github.com/Builder106/halberd/internal/audit/bus.go:102.3,103.1 1 9
github.com/Builder106/halberd/internal/audit/bus.go:104.2,105.12 2 10
github.com/Builder106/halberd/internal/audit/bus.go:106.3,108.1 2 10
github.com/Builder106/halberd/internal/audit/bus.go:109.2,109.9 1 10
github.com/Builder106/halberd/internal/audit/bus.go:111.3,111.13 1 9
github.com/Builder106/halberd/internal/audit/bus.go:113.3,113.19 1 1
github.com/Builder106/halberd/internal/audit/bus.go:118.2,120.6 3 9
github.com/Builder106/halberd/internal/audit/bus.go:121.3,121.10 1 77
github.com/Builder106/halberd/internal/audit/bus.go:126.4,126.8 1 9
github.com/Builder106/halberd/internal/audit/bus.go:127.5,127.12 1 2053
github.com/Builder106/halberd/internal/audit/bus.go:129.6,129.43 1 2044
github.com/Builder106/halberd/internal/audit/bus.go:130.7,131.1 1 0
github.com/Builder106/halberd/internal/audit/bus.go:133.6,133.12 1 9
github.com/Builder106/halberd/internal/audit/bus.go:137.4,137.41 1 68
github.com/Builder106/halberd/internal/audit/bus.go:138.5,139.1 1 0
github.com/Builder106/halberd/internal/policy/bundle.go:80.2,81.16 2 4
github.com/Builder106/halberd/internal/policy/bundle.go:82.3,83.1 1 0
github.com/Builder106/halberd/internal/policy/bundle.go:84.2,84.25 1 4
github.com/Builder106/halberd/internal/policy/bundle.go:91.2,92.48 2 24
github.com/Builder106/halberd/internal/policy/bundle.go:93.3,94.1 1 0
github.com/Builder106/halberd/internal/policy/bundle.go:95.2,95.36 1 24
github.com/Builder106/halberd/internal/policy/bundle.go:96.3,97.1 1 1
github.com/Builder106/halberd/internal/policy/bundle.go:98.2,98.37 1 23
github.com/Builder106/halberd/internal/policy/bundle.go:99.3,100.1 1 3
github.com/Builder106/halberd/internal/policy/bundle.go:101.2,101.16 1 20
github.com/Builder106/halberd/internal/policy/bundle.go:105.2,105.25 1 24
github.com/Builder106/halberd/internal/policy/bundle.go:106.3,106.50 1 51
github.com/Builder106/halberd/internal/policy/bundle.go:107.4,108.41 2 61
github.com/Builder106/halberd/internal/policy/bundle.go:109.5,110.19 2 118
github.com/Builder106/halberd/internal/policy/bundle.go:111.6,113.1 1 1
github.com/Builder106/halberd/internal/policy/bundle.go:114.5,114.36 1 117
github.com/Builder106/halberd/internal/policy/bundle.go:116.4,117.32 2 60
github.com/Builder106/halberd/internal/policy/bundle.go:118.5,119.39 2 10
github.com/Builder106/halberd/internal/policy/bundle.go:120.6,121.1 1 16
github.com/Builder106/halberd/internal/policy/bundle.go:123.4,123.39 1 60
github.com/Builder106/halberd/internal/policy/bundle.go:126.2,126.12 1 23
github.com/Builder106/halberd/internal/policy/bundle.go:130.2,130.20 1 23
github.com/Builder106/halberd/internal/policy/bundle.go:131.3,132.1 1 1
github.com/Builder106/halberd/internal/policy/bundle.go:133.2,133.34 1 22
github.com/Builder106/halberd/internal/policy/bundle.go:134.3,135.1 1 3
github.com/Builder106/halberd/internal/policy/bundle.go:136.2,136.36 1 22
github.com/Builder106/halberd/internal/policy/bundle.go:137.3,138.1 1 3
github.com/Builder106/halberd/internal/policy/bundle.go:139.2,139.28 1 22
github.com/Builder106/halberd/internal/policy/bundle.go:140.3,140.19 1 50
github.com/Builder106/halberd/internal/policy/bundle.go:141.4,142.1 1 0
github.com/Builder106/halberd/internal/policy/bundle.go:143.3,143.41 1 50
github.com/Builder106/halberd/internal/policy/bundle.go:144.4,144.95 1 60
github.com/Builder106/halberd/internal/policy/bundle.go:145.5,146.1 1 1
github.com/Builder106/halberd/internal/policy/bundle.go:149.2,149.30 1 21
github.com/Builder106/halberd/internal/policy/bundle.go:150.3,150.64 1 11
github.com/Builder106/halberd/internal/policy/bundle.go:151.4,151.43 1 31
github.com/Builder106/halberd/internal/policy/bundle.go:152.5,154.1 1 1
github.com/Builder106/halberd/internal/policy/bundle.go:157.2,157.12 1 20
github.com/Builder106/halberd/internal/policy/bundle.go:161.2,161.28 1 26
github.com/Builder106/halberd/internal/policy/bundle.go:162.3,162.21 1 64
github.com/Builder106/halberd/internal/policy/bundle.go:163.4,164.1 1 22
github.com/Builder106/halberd/internal/policy/bundle.go:166.2,166.26 1 4
github.com/Builder106/halberd/internal/policy/decision.go:25.2,25.19 1 0
github.com/Builder106/halberd/internal/policy/decision.go:26.3,27.1 1 0
github.com/Builder106/halberd/internal/policy/decision.go:28.2,28.18 1 0
github.com/Builder106/halberd/internal/policy/decision.go:29.3,30.1 1 0
github.com/Builder106/halberd/internal/policy/decision.go:31.2,31.70 1 0
github.com/Builder106/halberd/internal/policy/engine.go:19.2,20.1 1 19
github.com/Builder106/halberd/internal/policy/engine.go:23.36,23.60 1 0
github.com/Builder106/halberd/internal/policy/engine.go:30.2,31.1 1 0
github.com/Builder106/halberd/internal/policy/engine.go:38.2,39.54 2 28
github.com/Builder106/halberd/internal/policy/engine.go:40.3,47.1 1 1
github.com/Builder106/halberd/internal/policy/engine.go:50.2,50.20 1 27
github.com/Builder106/halberd/internal/policy/engine.go:52.3,52.40 1 26
github.com/Builder106/halberd/internal/policy/engine.go:54.3,54.20 1 1
github.com/Builder106/halberd/internal/policy/engine.go:56.3,56.57 1 0
github.com/Builder106/halberd/internal/policy/engine.go:57.4,64.1 1 0
github.com/Builder106/halberd/internal/policy/engine.go:66.3,66.20 1 0
github.com/Builder106/halberd/internal/policy/engine.go:71.2,74.1 2 26
github.com/Builder106/halberd/internal/policy/engine.go:75.2,75.53 2 26
github.com/Builder106/halberd/internal/policy/engine.go:76.3,83.1 1 0
github.com/Builder106/halberd/internal/policy/engine.go:86.2,87.12 2 26
github.com/Builder106/halberd/internal/policy/engine.go:88.3,88.55 1 4
github.com/Builder106/halberd/internal/policy/engine.go:89.4,97.1 1 4
github.com/Builder106/halberd/internal/policy/engine.go:99.3,99.20 1 0
github.com/Builder106/halberd/internal/policy/engine.go:102.2,103.47 2 22
github.com/Builder106/halberd/internal/policy/engine.go:104.3,105.15 2 33
github.com/Builder106/halberd/internal/policy/engine.go:106.4,106.12 1 0
github.com/Builder106/halberd/internal/policy/engine.go:108.3,108.86 1 33
github.com/Builder106/halberd/internal/policy/engine.go:111.2,114.1 1 22
github.com/Builder106/halberd/internal/policy/engine.go:118.2,119.9 2 33
github.com/Builder106/halberd/internal/policy/engine.go:120.3,120.28 1 4
github.com/Builder106/halberd/internal/policy/engine.go:121.4,127.1 1 0
github.com/Builder106/halberd/internal/policy/engine.go:129.3,129.13 1 4
github.com/Builder106/halberd/internal/policy/engine.go:132.2,133.1 2 29
github.com/Builder106/halberd/internal/policy/engine.go:134.2,134.53 2 29
github.com/Builder106/halberd/internal/policy/engine.go:135.3,142.1 1 1
github.com/Builder106/halberd/internal/policy/engine.go:144.2,144.26 1 29
github.com/Builder106/halberd/internal/policy/engine.go:145.3,145.39 1 7
github.com/Builder106/halberd/internal/policy/engine.go:146.4,153.1 1 3
github.com/Builder106/halberd/internal/policy/engine.go:156.2,156.39 1 29
github.com/Builder106/halberd/internal/policy/engine.go:157.3,157.49 1 81
github.com/Builder106/halberd/internal/policy/engine.go:158.4,165.1 1 11
github.com/Builder106/halberd/internal/policy/engine.go:168.2,168.12 1 29
github.com/Builder106/halberd/internal/policy/engine.go:172.2,172.17 1 14
github.com/Builder106/halberd/internal/policy/engine.go:173.3,174.1 1 14
github.com/Builder106/halberd/internal/policy/engine.go:175.2,175.22 1 0
github.com/Builder106/halberd/internal/policy/response.go:37.2,37.37 1 7
github.com/Builder106/halberd/internal/policy/response.go:38.3,39.1 1 1
github.com/Builder106/halberd/internal/policy/response.go:41.2,46.1 2 6
github.com/Builder106/halberd/internal/policy/response.go:47.2,47.54 2 6
github.com/Builder106/halberd/internal/policy/response.go:51.3,52.1 1 1
github.com/Builder106/halberd/internal/policy/response.go:53.2,53.26 1 5
github.com/Builder106/halberd/internal/policy/response.go:54.3,55.1 1 1
github.com/Builder106/halberd/internal/policy/response.go:57.2,58.15 2 4
github.com/Builder106/halberd/internal/policy/response.go:59.3,60.1 1 1
github.com/Builder106/halberd/internal/policy/response.go:62.2,64.16 3 3
github.com/Builder106/halberd/internal/policy/response.go:68.3,69.1 1 0
github.com/Builder106/halberd/internal/policy/response.go:70.2,70.77 1 3
github.com/Builder106/halberd/internal/policy/response.go:80.2,81.48 2 21
github.com/Builder106/halberd/internal/policy/response.go:82.3,83.16 2 8
github.com/Builder106/halberd/internal/policy/response.go:84.4,85.1 1 5
github.com/Builder106/halberd/internal/policy/response.go:86.3,87.17 2 3
github.com/Builder106/halberd/internal/policy/response.go:88.4,89.1 1 0
github.com/Builder106/halberd/internal/policy/response.go:90.3,90.31 1 3
github.com/Builder106/halberd/internal/policy/response.go:94.2,95.50 2 13
github.com/Builder106/halberd/internal/policy/response.go:96.3,98.22 3 4
github.com/Builder106/halberd/internal/policy/response.go:99.4,102.11 4 5
github.com/Builder106/halberd/internal/policy/response.go:103.5,104.1 1 3
github.com/Builder106/halberd/internal/policy/response.go:106.3,106.16 1 4
github.com/Builder106/halberd/internal/policy/response.go:107.4,108.1 1 1
github.com/Builder106/halberd/internal/policy/response.go:109.3,110.17 2 3
github.com/Builder106/halberd/internal/policy/response.go:111.4,112.1 1 0
github.com/Builder106/halberd/internal/policy/response.go:113.3,113.27 1 3
github.com/Builder106/halberd/internal/policy/response.go:117.2,118.50 2 9
github.com/Builder106/halberd/internal/policy/response.go:119.3,121.25 3 9
github.com/Builder106/halberd/internal/policy/response.go:122.4,125.11 4 12
github.com/Builder106/halberd/internal/policy/response.go:126.5,127.1 1 6
github.com/Builder106/halberd/internal/policy/response.go:129.3,129.16 1 9
github.com/Builder106/halberd/internal/policy/response.go:130.4,131.1 1 3
github.com/Builder106/halberd/internal/policy/response.go:132.3,133.17 2 6
github.com/Builder106/halberd/internal/policy/response.go:134.4,135.1 1 0
github.com/Builder106/halberd/internal/policy/response.go:136.3,136.27 1 6
github.com/Builder106/halberd/internal/policy/response.go:140.2,140.24 1 0
github.com/Builder106/halberd/internal/policy/sanitize.go:39.36,39.64 1 5
github.com/Builder106/halberd/internal/policy/sanitize.go:45.36,45.64 1 1
github.com/Builder106/halberd/internal/policy/sanitize.go:51.36,51.64 1 1
github.com/Builder106/halberd/internal/policy/sanitize.go:56.2,57.33 2 1
github.com/Builder106/halberd/internal/policy/sanitize.go:58.3,59.1 1 3
github.com/Builder106/halberd/internal/policy/sanitize.go:60.2,61.34 2 1
github.com/Builder106/halberd/internal/policy/sanitize.go:69.2,71.1 3 17
github.com/Builder106/halberd/internal/policy/sanitize.go:72.2,72.24 3 17
github.com/Builder106/halberd/internal/policy/sanitize.go:73.3,73.31 1 16
github.com/Builder106/halberd/internal/policy/sanitize.go:74.4,76.1 2 3
github.com/Builder106/halberd/internal/policy/sanitize.go:77.3,77.31 1 16
github.com/Builder106/halberd/internal/policy/sanitize.go:78.4,80.1 2 1
github.com/Builder106/halberd/internal/policy/sanitize.go:83.2,83.52 1 17
github.com/Builder106/halberd/internal/policy/sanitize.go:84.3,86.1 2 1
github.com/Builder106/halberd/internal/policy/sanitize.go:88.2,88.40 1 17
github.com/Builder106/halberd/internal/policy/sanitize.go:89.3,90.10 2 49
github.com/Builder106/halberd/internal/policy/sanitize.go:91.4,91.12 1 0
github.com/Builder106/halberd/internal/policy/sanitize.go:93.3,93.29 1 49
github.com/Builder106/halberd/internal/policy/sanitize.go:94.4,96.1 2 7
github.com/Builder106/halberd/internal/policy/sanitize.go:99.2,99.24 1 17
github.com/Builder106/halberd/cmd/halberd-stdio/main.go:44.2,48.22 2 0
github.com/Builder106/halberd/cmd/halberd-stdio/main.go:49.3,56.1 2 0
github.com/Builder106/halberd/cmd/halberd-stdio/main.go:57.2,58.1 2 0
github.com/Builder106/halberd/cmd/halberd-stdio/main.go:59.2,59.23 2 0
github.com/Builder106/halberd/cmd/halberd-stdio/main.go:60.3,63.1 3 0
github.com/Builder106/halberd/cmd/halberd-stdio/main.go:64.2,64.22 1 0
github.com/Builder106/halberd/cmd/halberd-stdio/main.go:65.3,68.1 3 0
github.com/Builder106/halberd/cmd/halberd-stdio/main.go:69.2,69.22 1 0
github.com/Builder106/halberd/cmd/halberd-stdio/main.go:70.3,73.1 3 0
github.com/Builder106/halberd/cmd/halberd-stdio/main.go:75.2,76.16 2 0
github.com/Builder106/halberd/cmd/halberd-stdio/main.go:77.3,79.1 2 0
github.com/Builder106/halberd/cmd/halberd-stdio/main.go:81.2,82.16 2 0
github.com/Builder106/halberd/cmd/halberd-stdio/main.go:83.3,85.1 2 0
github.com/Builder106/halberd/cmd/halberd-stdio/main.go:86.2,86.15 1 0
github.com/Builder106/halberd/cmd/halberd-stdio/main.go:86.17,86.40 1 0
github.com/Builder106/halberd/cmd/halberd-stdio/main.go:88.2,90.1 6 0
github.com/Builder106/halberd/cmd/halberd-stdio/main.go:91.2,93.1 6 0
github.com/Builder106/halberd/cmd/halberd-stdio/main.go:94.2,95.43 6 0
github.com/Builder106/halberd/cmd/halberd-stdio/main.go:96.3,97.1 1 0
github.com/Builder106/halberd/cmd/halberd-stdio/main.go:98.2,99.19 2 0
github.com/Builder106/halberd/cmd/halberd-stdio/main.go:103.2,104.1 4 3
github.com/Builder106/halberd/cmd/halberd-stdio/main.go:106.2,107.1 4 3
github.com/Builder106/halberd/cmd/halberd-stdio/main.go:108.2,109.16 4 3
github.com/Builder106/halberd/cmd/halberd-stdio/main.go:110.3,112.1 2 0
github.com/Builder106/halberd/cmd/halberd-stdio/main.go:113.2,114.16 2 3
github.com/Builder106/halberd/cmd/halberd-stdio/main.go:115.3,117.1 2 0
github.com/Builder106/halberd/cmd/halberd-stdio/main.go:118.2,119.16 2 3
github.com/Builder106/halberd/cmd/halberd-stdio/main.go:120.3,122.1 2 0
github.com/Builder106/halberd/cmd/halberd-stdio/main.go:124.2,124.36 1 3
github.com/Builder106/halberd/cmd/halberd-stdio/main.go:125.3,127.1 2 1
github.com/Builder106/halberd/cmd/halberd-stdio/main.go:129.2,133.61 2 2
github.com/Builder106/halberd/cmd/halberd-stdio/main.go:134.3,135.1 1 0
github.com/Builder106/halberd/cmd/halberd-stdio/main.go:137.2,139.9 3 2
github.com/Builder106/halberd/cmd/halberd-stdio/main.go:141.3,141.11 1 1
github.com/Builder106/halberd/cmd/halberd-stdio/main.go:143.3,143.28 1 1
github.com/Builder106/halberd/cmd/halberd-stdio/main.go:145.3,146.11 2 0
github.com/Builder106/halberd/internal/transport/http/proxy.go:35.2,36.1 4 4
github.com/Builder106/halberd/internal/transport/http/proxy.go:40.2,41.1 4 4
github.com/Builder106/halberd/internal/transport/http/proxy.go:42.2,43.41 4 4
github.com/Builder106/halberd/internal/transport/http/proxy.go:44.3,46.1 2 3
github.com/Builder106/halberd/internal/transport/http/proxy.go:48.2,48.33 1 4
github.com/Builder106/halberd/internal/transport/http/proxy.go:49.3,49.58 1 1
github.com/Builder106/halberd/internal/transport/http/proxy.go:53.4,53.79 1 1
github.com/Builder106/halberd/internal/transport/http/proxy.go:54.5,55.1 1 0
github.com/Builder106/halberd/internal/transport/http/proxy.go:56.4,57.18 2 1
github.com/Builder106/halberd/internal/transport/http/proxy.go:58.5,59.1 1 0
github.com/Builder106/halberd/internal/transport/http/proxy.go:60.4,61.1 3 1
github.com/Builder106/halberd/internal/transport/http/proxy.go:62.4,63.34 3 1
github.com/Builder106/halberd/internal/transport/http/proxy.go:64.5,68.1 1 1
github.com/Builder106/halberd/internal/transport/http/proxy.go:70.4,74.14 5 1
github.com/Builder106/halberd/internal/transport/http/proxy.go:78.2,78.71 1 4
github.com/Builder106/halberd/internal/transport/http/proxy.go:79.3,79.34 1 4
github.com/Builder106/halberd/internal/transport/http/proxy.go:80.4,82.1 2 1
github.com/Builder106/halberd/internal/transport/http/proxy.go:84.3,85.17 2 3
github.com/Builder106/halberd/internal/transport/http/proxy.go:86.4,88.1 2 0
github.com/Builder106/halberd/internal/transport/http/proxy.go:89.3,90.1 5 3
github.com/Builder106/halberd/internal/transport/http/proxy.go:91.3,92.1 5 3
github.com/Builder106/halberd/internal/transport/http/proxy.go:93.3,102.1 5 3
github.com/Builder106/halberd/internal/transport/http/proxy.go:103.3,103.23 5 3
github.com/Builder106/halberd/internal/transport/http/proxy.go:104.4,106.1 2 1
github.com/Builder106/halberd/internal/transport/http/proxy.go:108.3,110.24 3 2
github.com/Builder106/halberd/internal/transport/http/proxy.go:115.2,116.1 3 1
github.com/Builder106/halberd/internal/transport/http/proxy.go:117.2,118.27 3 1
github.com/Builder106/halberd/internal/transport/http/proxy.go:119.3,120.1 1 1
github.com/Builder106/halberd/internal/transport/http/proxy.go:122.2,123.16 2 1
github.com/Builder106/halberd/internal/transport/http/proxy.go:124.3,127.1 3 0
github.com/Builder106/halberd/internal/transport/http/proxy.go:129.2,131.22 3 1
github.com/Builder106/halberd/internal/transport/http/proxy.go:135.2,140.1 2 3
github.com/Builder106/halberd/internal/transport/http/proxy.go:141.2,141.51 2 3
github.com/Builder106/halberd/internal/transport/http/proxy.go:142.3,143.1 1 0
github.com/Builder106/halberd/internal/transport/http/proxy.go:144.2,144.36 1 3
github.com/Builder106/halberd/internal/transport/http/proxy.go:148.2,150.1 2 1
github.com/Builder106/halberd/internal/transport/http/proxy.go:151.2,151.51 2 1
github.com/Builder106/halberd/internal/transport/http/proxy.go:152.3,153.1 1 0
github.com/Builder106/halberd/internal/transport/http/proxy.go:154.2,154.15 1 1
github.com/Builder106/halberd/internal/transport/stdio/stdio.go:60.2,61.40 2 5
github.com/Builder106/halberd/internal/transport/stdio/stdio.go:62.3,64.46 3 3
github.com/Builder106/halberd/internal/transport/stdio/stdio.go:65.4,66.1 1 0
github.com/Builder106/halberd/internal/transport/stdio/stdio.go:67.3,67.41 1 3
github.com/Builder106/halberd/internal/transport/stdio/stdio.go:68.4,70.1 2 3
github.com/Builder106/halberd/internal/transport/stdio/stdio.go:71.3,71.13 1 0
github.com/Builder106/halberd/internal/transport/stdio/stdio.go:74.2,76.1 3 5
github.com/Builder106/halberd/internal/transport/stdio/stdio.go:78.2,78.12 3 5
github.com/Builder106/halberd/internal/transport/stdio/stdio.go:79.3,80.16 2 5
github.com/Builder106/halberd/internal/transport/stdio/stdio.go:80.18,80.43 1 5
github.com/Builder106/halberd/internal/transport/stdio/stdio.go:82.3,84.17 3 5
github.com/Builder106/halberd/internal/transport/stdio/stdio.go:85.4,87.1 5 4
github.com/Builder106/halberd/internal/transport/stdio/stdio.go:88.4,96.1 5 4
github.com/Builder106/halberd/internal/transport/stdio/stdio.go:97.4,97.24 5 4
github.com/Builder106/halberd/internal/transport/stdio/stdio.go:98.5,99.15 2 2
github.com/Builder106/halberd/internal/transport/stdio/stdio.go:102.6,102.14 1 1
github.com/Builder106/halberd/internal/transport/stdio/stdio.go:104.5,105.19 2 1
github.com/Builder106/halberd/internal/transport/stdio/stdio.go:106.6,107.14 2 0
github.com/Builder106/halberd/internal/transport/stdio/stdio.go:109.5,109.47 1 1
github.com/Builder106/halberd/internal/transport/stdio/stdio.go:110.6,112.1 2 0
github.com/Builder106/halberd/internal/transport/stdio/stdio.go:113.5,113.13 1 1
github.com/Builder106/halberd/internal/transport/stdio/stdio.go:118.4,118.53 1 2
github.com/Builder106/halberd/internal/transport/stdio/stdio.go:119.5,121.1 2 0
github.com/Builder106/halberd/internal/transport/stdio/stdio.go:122.4,122.61 1 2
github.com/Builder106/halberd/internal/transport/stdio/stdio.go:123.5,125.1 2 0
github.com/Builder106/halberd/internal/transport/stdio/stdio.go:127.3,127.34 1 5
github.com/Builder106/halberd/internal/transport/stdio/stdio.go:128.4,129.1 1 0
github.com/Builder106/halberd/internal/transport/stdio/stdio.go:133.2,133.12 1 5
github.com/Builder106/halberd/internal/transport/stdio/stdio.go:134.3,138.17 5 5
github.com/Builder106/halberd/internal/transport/stdio/stdio.go:139.4,141.1 3 2
github.com/Builder106/halberd/internal/transport/stdio/stdio.go:142.4,142.24 3 2
github.com/Builder106/halberd/internal/transport/stdio/stdio.go:145.5,149.35 5 1
github.com/Builder106/halberd/internal/transport/stdio/stdio.go:150.6,154.1 1 1
github.com/Builder106/halberd/internal/transport/stdio/stdio.go:157.4,157.49 1 2
github.com/Builder106/halberd/internal/transport/stdio/stdio.go:158.5,160.1 2 0
github.com/Builder106/halberd/internal/transport/stdio/stdio.go:162.3,162.34 1 5
github.com/Builder106/halberd/internal/transport/stdio/stdio.go:163.4,164.1 1 0
github.com/Builder106/halberd/internal/transport/stdio/stdio.go:169.2,169.12 1 5
github.com/Builder106/halberd/internal/transport/stdio/stdio.go:170.3,171.60 2 5
github.com/Builder106/halberd/internal/transport/stdio/stdio.go:172.4,173.1 1 0
github.com/Builder106/halberd/internal/transport/stdio/stdio.go:176.2,177.12 2 5
github.com/Builder106/halberd/internal/transport/stdio/stdio.go:178.3,180.1 2 5
github.com/Builder106/halberd/internal/transport/stdio/stdio.go:182.2,182.9 1 5
github.com/Builder106/halberd/internal/transport/stdio/stdio.go:184.3,184.13 1 0
github.com/Builder106/halberd/internal/transport/stdio/stdio.go:186.3,186.19 1 5
github.com/Builder106/halberd/internal/transport/stdio/stdio.go:191.2,196.1 2 4
github.com/Builder106/halberd/internal/transport/stdio/stdio.go:197.2,197.51 2 4
github.com/Builder106/halberd/internal/transport/stdio/stdio.go:198.3,199.1 1 0
github.com/Builder106/halberd/internal/transport/stdio/stdio.go:200.2,200.36 1 4
github.com/Builder106/halberd/internal/transport/stdio/stdio.go:204.2,206.1 2 2
github.com/Builder106/halberd/internal/transport/stdio/stdio.go:207.2,207.51 2 2
github.com/Builder106/halberd/internal/transport/stdio/stdio.go:208.3,209.1 1 0
github.com/Builder106/halberd/internal/transport/stdio/stdio.go:212.2,212.22 1 2
github.com/Builder106/halberd/internal/transport/stdio/stdio.go:213.3,214.1 1 1
github.com/Builder106/halberd/internal/transport/stdio/stdio.go:215.2,215.21 1 1
github.com/Builder106/halberd/internal/transport/stdio/stdio.go:219.2,219.28 1 1
github.com/Builder106/halberd/internal/transport/stdio/stdio.go:220.3,221.1 1 0
github.com/Builder106/halberd/internal/transport/stdio/stdio.go:222.2,223.19 2 1
github.com/Builder106/halberd/internal/transport/stdio/stdio.go:224.3,225.1 1 1
github.com/Builder106/halberd/internal/transport/stdio/stdio.go:226.2,226.57 1 0
d/main.go:19.3,21.1 2 0
github.com/Builder106/halberd/cmd/halberd/main.go:22.2,22.20 1 0
github.com/Builder106/halberd/cmd/halberd/main.go:24.3,24.32 1 0
github.com/Builder106/halberd/cmd/halberd/main.go:26.3,26.23 1 0
github.com/Builder106/halberd/cmd/halberd/main.go:28.3,28.10 1 0
github.com/Builder106/halberd/cmd/halberd/main.go:30.3,32.13 3 0
github.com/Builder106/halberd/cmd/halberd/main.go:37.2,43.1 1 0
github.com/Builder106/halberd/cmd/halberd/main.go:46.2,46.20 1 0
github.com/Builder106/halberd/cmd/halberd/main.go:47.3,49.1 2 0
github.com/Builder106/halberd/cmd/halberd/main.go:50.2,51.16 2 0
github.com/Builder106/halberd/cmd/halberd/main.go:52.3,54.1 2 0
github.com/Builder106/halberd/cmd/halberd/main.go:55.2,56.10 2 0
github.com/Builder106/halberd/cmd/halberd-honeypot/main.go:43.2,48.1 8 0
github.com/Builder106/halberd/cmd/halberd-honeypot/main.go:50.2,52.12 8 0
github.com/Builder106/halberd/cmd/halberd-honeypot/main.go:53.3,55.1 2 0
github.com/Builder106/halberd/cmd/halberd-honeypot/main.go:57.2,57.78 1 0
github.com/Builder106/halberd/cmd/halberd-honeypot/main.go:58.3,60.1 2 0
github.com/Builder106/halberd/cmd/halberd-honeypot/main.go:67.2,69.1 5 10
github.com/Builder106/halberd/cmd/halberd-honeypot/main.go:70.2,72.1 5 10
github.com/Builder106/halberd/cmd/halberd-honeypot/main.go:73.2,73.16 5 10
github.com/Builder106/halberd/cmd/halberd-honeypot/main.go:74.3,80.1 3 10
github.com/Builder106/halberd/cmd/halberd-honeypot/main.go:81.3,81.52 3 10
github.com/Builder106/halberd/cmd/halberd-honeypot/main.go:82.4,83.12 2 0
github.com/Builder106/halberd/cmd/halberd-honeypot/main.go:87.3,87.23 1 10
github.com/Builder106/halberd/cmd/halberd-honeypot/main.go:88.4,88.12 1 1
github.com/Builder106/halberd/cmd/halberd-honeypot/main.go:91.3,92.42 2 9
github.com/Builder106/halberd/cmd/halberd-honeypot/main.go:93.4,94.1 1 0
github.com/Builder106/halberd/cmd/halberd-honeypot/main.go:96.2,96.17 1 10
github.com/Builder106/halberd/cmd/halberd-honeypot/main.go:112.2,113.1 2 9
github.com/Builder106/halberd/cmd/halberd-honeypot/main.go:114.2,114.16 2 9
github.com/Builder106/halberd/cmd/halberd-honeypot/main.go:116.3,120.1 1 1
github.com/Builder106/halberd/cmd/halberd-honeypot/main.go:122.3,122.30 1 0
github.com/Builder106/halberd/cmd/halberd-honeypot/main.go:124.3,124.47 1 1
github.com/Builder106/halberd/cmd/halberd-honeypot/main.go:126.3,126.30 1 6
github.com/Builder106/halberd/cmd/halberd-honeypot/main.go:128.3,128.76 1 1
github.com/Builder106/halberd/cmd/halberd-honeypot/main.go:130.2,130.10 1 9
github.com/Builder106/halberd/cmd/halberd-honeypot/tools.go:49.2,52.1 2 6
github.com/Builder106/halberd/cmd/halberd-honeypot/tools.go:53.2,53.51 2 6
github.com/Builder106/halberd/cmd/halberd-honeypot/tools.go:54.3,55.1 1 0
github.com/Builder106/halberd/cmd/halberd-honeypot/tools.go:57.2,57.16 1 6
github.com/Builder106/halberd/cmd/halberd-honeypot/tools.go:59.3,59.33 1 1
github.com/Builder106/halberd/cmd/halberd-honeypot/tools.go:61.3,61.33 1 1
github.com/Builder106/halberd/cmd/halberd-honeypot/tools.go:63.3,63.31 1 2
github.com/Builder106/halberd/cmd/halberd-honeypot/tools.go:65.3,65.21 1 1
github.com/Builder106/halberd/cmd/halberd-honeypot/tools.go:67.3,67.62 1 1
github.com/Builder106/halberd/cmd/halberd-honeypot/tools.go:72.2,76.1 1 4
github.com/Builder106/halberd/cmd/halberd-honeypot/tools.go:80.2,85.1 1 2
github.com/Builder106/halberd/cmd/halberd-honeypot/tools.go:98.2,102.1 2 1
github.com/Builder106/halberd/cmd/halberd-honeypot/tools.go:108.2,110.1 3 1
github.com/Builder106/halberd/cmd/halberd-honeypot/tools.go:111.2,113.1 3 1
github.com/Builder106/halberd/cmd/halberd-honeypot/tools.go:120.2,122.1 2 2
github.com/Builder106/halberd/cmd/halberd-honeypot/tools.go:123.2,123.49 2 2
github.com/Builder106/halberd/cmd/halberd-honeypot/tools.go:124.3,125.1 1 0
github.com/Builder106/halberd/cmd/halberd-honeypot/tools.go:126.2,127.16 2 2
github.com/Builder106/halberd/cmd/halberd-honeypot/tools.go:128.3,129.1 1 1
github.com/Builder106/halberd/cmd/halberd-honeypot/tools.go:130.2,132.23 3 1
github.com/Builder106/halberd/cmd/halberd-honeypot/tools.go:133.3,134.1 1 0
github.com/Builder106/halberd/cmd/halberd-honeypot/tools.go:135.2,135.24 1 1
github.com/Builder106/halberd/cmd/halberd-honeypot/tools.go:154.2,161.1 2 1
github.com/Builder106/halberd/cmd/halberd-honeypot/tools.go:164.2,165.21 2 1
github.com/Builder106/halberd/cmd/halberd-honeypot/tools.go:166.3,167.1 1 36
github.com/Builder106/halberd/cmd/halberd-honeypot/tools.go:168.2,168.20 1 1
github.com/Builder106/halberd/cmd/halberd-http/main.go:25.2,32.1 3 0
github.com/Builder106/halberd/cmd/halberd-http/main.go:33.2,33.19 3 0
github.com/Builder106/halberd/cmd/halberd-http/main.go:34.3,36.1 2 0
github.com/Builder106/halberd/cmd/halberd-http/main.go:38.2,39.16 2 0
github.com/Builder106/halberd/cmd/halberd-http/main.go:40.3,42.1 2 0
github.com/Builder106/halberd/cmd/halberd-http/main.go:44.2,45.16 2 0
github.com/Builder106/halberd/cmd/halberd-http/main.go:46.3,48.1 2 0
github.com/Builder106/halberd/cmd/halberd-http/main.go:50.2,51.16 2 0
github.com/Builder106/halberd/cmd/halberd-http/main.go:52.3,54.1 2 0
github.com/Builder106/halberd/cmd/halberd-http/main.go:55.2,56.1 8 0
github.com/Builder106/halberd/cmd/halberd-http/main.go:57.2,60.1 8 0
github.com/Builder106/halberd/cmd/halberd-http/main.go:61.2,65.1 8 0
github.com/Builder106/halberd/cmd/halberd-http/main.go:67.2,73.1 8 0
github.com/Builder106/halberd/cmd/halberd-http/main.go:74.2,75.12 8 0
github.com/Builder106/halberd/cmd/halberd-http/main.go:76.3,84.1 8 0
github.com/Builder106/halberd/cmd/halberd-http/main.go:86.2,86.86 1 0
github.com/Builder106/halberd/cmd/halberd-http/main.go:87.3,89.1 2 0
github.com/Builder106/halberd/cmd/halberd-http/main.go:90.2,91.43 2 0
github.com/Builder106/halberd/cmd/halberd-http/main.go:92.3,93.1 1 0
github.com/Builder106/halberd/cmd/halberd-http/main.go:97.2,97.17 1 0
github.com/Builder106/halberd/cmd/halberd-http/main.go:98.3,98.28 1 0
github.com/Builder106/halberd/cmd/halberd-http/main.go:98.29,98.29 0 0
github.com/Builder106/halberd/cmd/halberd-http/main.go:100.2,101.16 2 0
github.com/Builder106/halberd/cmd/halberd-http/main.go:102.3,103.1 1 0
github.com/Builder106/halberd/cmd/halberd-http/main.go:104.2,104.19 1 0
github.com/Builder106/halberd/cmd/halberd-http/main.go:104.21,104.36 1 0
github.com/Builder106/halberd/cmd/halberd-stdio/main.go:44.2,48.22 2 0
github.com/Builder106/halberd/cmd/halberd-stdio/main.go:49.3,56.1 2 0
github.com/Builder106/halberd/cmd/halberd-stdio/main.go:57.2,58.1 2 0
github.com/Builder106/halberd/cmd/halberd-stdio/main.go:59.2,59.23 2 0
github.com/Builder106/halberd/cmd/halberd-stdio/main.go:60.3,63.1 3 0
github.com/Builder106/halberd/cmd/halberd-stdio/main.go:64.2,64.22 1 0
github.com/Builder106/halberd/cmd/halberd-stdio/main.go:65.3,68.1 3 0
github.com/Builder106/halberd/cmd/halberd-stdio/main.go:69.2,69.22 1 0
github.com/Builder106/halberd/cmd/halberd-stdio/main.go:70.3,73.1 3 0
github.com/Builder106/halberd/cmd/halberd-stdio/main.go:75.2,76.16 2 0
github.com/Builder106/halberd/cmd/halberd-stdio/main.go:77.3,79.1 2 0
github.com/Builder106/halberd/cmd/halberd-stdio/main.go:81.2,82.16 2 0
github.com/Builder106/halberd/cmd/halberd-stdio/main.go:83.3,85.1 2 0
github.com/Builder106/halberd/cmd/halberd-stdio/main.go:86.2,86.15 1 0
github.com/Builder106/halberd/cmd/halberd-stdio/main.go:86.17,86.40 1 0
github.com/Builder106/halberd/cmd/halberd-stdio/main.go:88.2,90.1 6 0
github.com/Builder106/halberd/cmd/halberd-stdio/main.go:91.2,93.1 6 0
github.com/Builder106/halberd/cmd/halberd-stdio/main.go:94.2,95.43 6 0
github.com/Builder106/halberd/cmd/halberd-stdio/main.go:96.3,97.1 1 0
github.com/Builder106/halberd/cmd/halberd-stdio/main.go:98.2,99.19 2 0
github.com/Builder106/halberd/cmd/halberd-stdio/main.go:103.2,104.1 4 0
github.com/Builder106/halberd/cmd/halberd-stdio/main.go:106.2,107.1 4 0
github.com/Builder106/halberd/cmd/halberd-stdio/main.go:108.2,109.16 4 0
github.com/Builder106/halberd/cmd/halberd-stdio/main.go:110.3,112.1 2 0
github.com/Builder106/halberd/cmd/halberd-stdio/main.go:113.2,114.16 2 0
github.com/Builder106/halberd/cmd/halberd-stdio/main.go:115.3,117.1 2 0
github.com/Builder106/halberd/cmd/halberd-stdio/main.go:118.2,119.16 2 0
github.com/Builder106/halberd/cmd/halberd-stdio/main.go:120.3,122.1 2 0
github.com/Builder106/halberd/cmd/halberd-stdio/main.go:124.2,124.36 1 0
github.com/Builder106/halberd/cmd/halberd-stdio/main.go:125.3,127.1 2 0
github.com/Builder106/halberd/cmd/halberd-stdio/main.go:129.2,133.61 2 0
github.com/Builder106/halberd/cmd/halberd-stdio/main.go:134.3,135.1 1 0
github.com/Builder106/halberd/cmd/halberd-stdio/main.go:137.2,139.9 3 0
github.com/Builder106/halberd/cmd/halberd-stdio/main.go:141.3,141.11 1 0
github.com/Builder106/halberd/cmd/halberd-stdio/main.go:143.3,143.28 1 0
github.com/Builder106/halberd/cmd/halberd-stdio/main.go:145.3,146.11 2 0
github.com/Builder106/halberd/internal/audit/bus.go:48.2,48.14 1 0
github.com/Builder106/halberd/internal/audit/bus.go:49.3,50.1 1 0
github.com/Builder106/halberd/internal/audit/bus.go:51.2,55.1 4 0
github.com/Builder106/halberd/internal/audit/bus.go:56.2,58.10 4 0
github.com/Builder106/halberd/internal/audit/bus.go:71.2,71.21 1 0
github.com/Builder106/halberd/internal/audit/bus.go:72.3,73.1 1 0
github.com/Builder106/halberd/internal/audit/bus.go:74.2,74.9 1 0
github.com/Builder106/halberd/internal/audit/bus.go:76.3,77.9 2 0
github.com/Builder106/halberd/internal/audit/bus.go:78.10,78.10 0 0
github.com/Builder106/halberd/internal/audit/bus.go:80.2,80.9 1 0
github.com/Builder106/halberd/internal/audit/bus.go:81.17,81.17 0 0
github.com/Builder106/halberd/internal/audit/bus.go:83.3,83.19 1 0
github.com/Builder106/halberd/internal/audit/bus.go:90.2,91.1 1 0
github.com/Builder106/halberd/internal/audit/bus.go:98.2,98.16 1 0
github.com/Builder106/halberd/internal/audit/bus.go:99.3,100.1 1 0
github.com/Builder106/halberd/internal/audit/bus.go:101.2,101.23 1 0
github.com/Builder106/halberd/internal/audit/bus.go:102.3,103.1 1 0
github.com/Builder106/halberd/internal/audit/bus.go:104.2,105.12 2 0
github.com/Builder106/halberd/internal/audit/bus.go:106.3,108.1 2 0
github.com/Builder106/halberd/internal/audit/bus.go:109.2,109.9 1 0
github.com/Builder106/halberd/internal/audit/bus.go:111.3,111.13 1 0
github.com/Builder106/halberd/internal/audit/bus.go:113.3,113.19 1 0
github.com/Builder106/halberd/internal/audit/bus.go:118.2,120.6 3 0
github.com/Builder106/halberd/internal/audit/bus.go:121.3,121.10 1 0
github.com/Builder106/halberd/internal/audit/bus.go:126.4,126.8 1 0
github.com/Builder106/halberd/internal/audit/bus.go:127.5,127.12 1 0
github.com/Builder106/halberd/internal/audit/bus.go:129.6,129.43 1 0
github.com/Builder106/halberd/internal/audit/bus.go:130.7,131.1 1 0
github.com/Builder106/halberd/internal/audit/bus.go:133.6,133.12 1 0
github.com/Builder106/halberd/internal/audit/bus.go:137.4,137.41 1 0
github.com/Builder106/halberd/internal/audit/bus.go:138.5,139.1 1 0
github.com/Builder106/halberd/internal/jsonrpc/errors.go:11.2,19.1 2 0
github.com/Builder106/halberd/internal/jsonrpc/errors.go:20.2,21.1 2 0
github.com/Builder106/halberd/internal/policy/bundle.go:80.2,81.16 2 0
github.com/Builder106/halberd/internal/policy/bundle.go:82.3,83.1 1 0
github.com/Builder106/halberd/internal/policy/bundle.go:84.2,84.25 1 0
github.com/Builder106/halberd/internal/policy/bundle.go:91.2,92.48 2 0
github.com/Builder106/halberd/internal/policy/bundle.go:93.3,94.1 1 0
github.com/Builder106/halberd/internal/policy/bundle.go:95.2,95.36 1 0
github.com/Builder106/halberd/internal/policy/bundle.go:96.3,97.1 1 0
github.com/Builder106/halberd/internal/policy/bundle.go:98.2,98.37 1 0
github.com/Builder106/halberd/internal/policy/bundle.go:99.3,100.1 1 0
github.com/Builder106/halberd/internal/policy/bundle.go:101.2,101.16 1 0
github.com/Builder106/halberd/internal/policy/bundle.go:105.2,105.25 1 0
github.com/Builder106/halberd/internal/policy/bundle.go:106.3,106.50 1 0
github.com/Builder106/halberd/internal/policy/bundle.go:107.4,108.41 2 0
github.com/Builder106/halberd/internal/policy/bundle.go:109.5,110.19 2 0
github.com/Builder106/halberd/internal/policy/bundle.go:111.6,113.1 1 0
github.com/Builder106/halberd/internal/policy/bundle.go:114.5,114.36 1 0
github.com/Builder106/halberd/internal/policy/bundle.go:116.4,117.32 2 0
github.com/Builder106/halberd/internal/policy/bundle.go:118.5,119.39 2 0
github.com/Builder106/halberd/internal/policy/bundle.go:120.6,121.1 1 0
github.com/Builder106/halberd/internal/policy/bundle.go:123.4,123.39 1 0
github.com/Builder106/halberd/internal/policy/bundle.go:126.2,126.12 1 0
github.com/Builder106/halberd/internal/policy/bundle.go:130.2,130.20 1 0
github.com/Builder106/halberd/internal/policy/bundle.go:131.3,132.1 1 0
github.com/Builder106/halberd/internal/policy/bundle.go:133.2,133.34 1 0
github.com/Builder106/halberd/internal/policy/bundle.go:134.3,135.1 1 0
github.com/Builder106/halberd/internal/policy/bundle.go:136.2,136.36 1 0
github.com/Builder106/halberd/internal/policy/bundle.go:137.3,138.1 1 0
github.com/Builder106/halberd/internal/policy/bundle.go:139.2,139.28 1 0
github.com/Builder106/halberd/internal/policy/bundle.go:140.3,140.19 1 0
github.com/Builder106/halberd/internal/policy/bundle.go:141.4,142.1 1 0
github.com/Builder106/halberd/internal/policy/bundle.go:143.3,143.41 1 0
github.com/Builder106/halberd/internal/policy/bundle.go:144.4,144.95 1 0
github.com/Builder106/halberd/internal/policy/bundle.go:145.5,146.1 1 0
github.com/Builder106/halberd/internal/policy/bundle.go:149.2,149.30 1 0
github.com/Builder106/halberd/internal/policy/bundle.go:150.3,150.64 1 0
github.com/Builder106/halberd/internal/policy/bundle.go:151.4,151.43 1 0
github.com/Builder106/halberd/internal/policy/bundle.go:152.5,154.1 1 0
github.com/Builder106/halberd/internal/policy/bundle.go:157.2,157.12 1 0
github.com/Builder106/halberd/internal/policy/bundle.go:161.2,161.28 1 0
github.com/Builder106/halberd/internal/policy/bundle.go:162.3,162.21 1 0
github.com/Builder106/halberd/internal/policy/bundle.go:163.4,164.1 1 0
github.com/Builder106/halberd/internal/policy/bundle.go:166.2,166.26 1 0
github.com/Builder106/halberd/internal/policy/decision.go:25.2,25.19 1 0
github.com/Builder106/halberd/internal/policy/decision.go:26.3,27.1 1 0
github.com/Builder106/halberd/internal/policy/decision.go:28.2,28.18 1 0
github.com/Builder106/halberd/internal/policy/decision.go:29.3,30.1 1 0
github.com/Builder106/halberd/internal/policy/decision.go:31.2,31.70 1 0
github.com/Builder106/halberd/internal/policy/engine.go:19.2,20.1 1 0
github.com/Builder106/halberd/internal/policy/engine.go:23.36,23.60 1 0
github.com/Builder106/halberd/internal/policy/engine.go:30.2,31.1 1 0
github.com/Builder106/halberd/internal/policy/engine.go:38.2,39.54 2 0
github.com/Builder106/halberd/internal/policy/engine.go:40.3,47.1 1 0
github.com/Builder106/halberd/internal/policy/engine.go:50.2,50.20 1 0
github.com/Builder106/halberd/internal/policy/engine.go:52.3,52.40 1 0
github.com/Builder106/halberd/internal/policy/engine.go:54.3,54.20 1 0
github.com/Builder106/halberd/internal/policy/engine.go:56.3,56.57 1 0
github.com/Builder106/halberd/internal/policy/engine.go:57.4,64.1 1 0
github.com/Builder106/halberd/internal/policy/engine.go:66.3,66.20 1 0
github.com/Builder106/halberd/internal/policy/engine.go:71.2,74.1 2 0
github.com/Builder106/halberd/internal/policy/engine.go:75.2,75.53 2 0
github.com/Builder106/halberd/internal/policy/engine.go:76.3,83.1 1 0
github.com/Builder106/halberd/internal/policy/engine.go:86.2,87.12 2 0
github.com/Builder106/halberd/internal/policy/engine.go:88.3,88.55 1 0
github.com/Builder106/halberd/internal/policy/engine.go:89.4,97.1 1 0
github.com/Builder106/halberd/internal/policy/engine.go:99.3,99.20 1 0
github.com/Builder106/halberd/internal/policy/engine.go:102.2,103.47 2 0
github.com/Builder106/halberd/internal/policy/engine.go:104.3,105.15 2 0
github.com/Builder106/halberd/internal/policy/engine.go:106.4,106.12 1 0
github.com/Builder106/halberd/internal/policy/engine.go:108.3,108.86 1 0
github.com/Builder106/halberd/internal/policy/engine.go:111.2,114.1 1 0
github.com/Builder106/halberd/internal/policy/engine.go:118.2,119.9 2 0
github.com/Builder106/halberd/internal/policy/engine.go:120.3,120.28 1 0
github.com/Builder106/halberd/internal/policy/engine.go:121.4,127.1 1 0
github.com/Builder106/halberd/internal/policy/engine.go:129.3,129.13 1 0
github.com/Builder106/halberd/internal/policy/engine.go:132.2,133.1 2 0
github.com/Builder106/halberd/internal/policy/engine.go:134.2,134.53 2 0
github.com/Builder106/halberd/internal/policy/engine.go:135.3,142.1 1 0
github.com/Builder106/halberd/internal/policy/engine.go:144.2,144.26 1 0
github.com/Builder106/halberd/internal/policy/engine.go:145.3,145.39 1 0
github.com/Builder106/halberd/internal/policy/engine.go:146.4,153.1 1 0
github.com/Builder106/halberd/internal/policy/engine.go:156.2,156.39 1 0
github.com/Builder106/halberd/internal/policy/engine.go:157.3,157.49 1 0
github.com/Builder106/halberd/internal/policy/engine.go:158.4,165.1 1 0
github.com/Builder106/halberd/internal/policy/engine.go:168.2,168.12 1 0
github.com/Builder106/halberd/internal/policy/engine.go:172.2,172.17 1 0
github.com/Builder106/halberd/internal/policy/engine.go:173.3,174.1 1 0
github.com/Builder106/halberd/internal/policy/engine.go:175.2,175.22 1 0
github.com/Builder106/halberd/internal/policy/response.go:37.2,37.37 1 0
github.com/Builder106/halberd/internal/policy/response.go:38.3,39.1 1 0
github.com/Builder106/halberd/internal/policy/response.go:41.2,46.1 2 0
github.com/Builder106/halberd/internal/policy/response.go:47.2,47.54 2 0
github.com/Builder106/halberd/internal/policy/response.go:51.3,52.1 1 0
github.com/Builder106/halberd/internal/policy/response.go:53.2,53.26 1 0
github.com/Builder106/halberd/internal/policy/response.go:54.3,55.1 1 0
github.com/Builder106/halberd/internal/policy/response.go:57.2,58.15 2 0
github.com/Builder106/halberd/internal/policy/response.go:59.3,60.1 1 0
github.com/Builder106/halberd/internal/policy/response.go:62.2,64.16 3 0
github.com/Builder106/halberd/internal/policy/response.go:68.3,69.1 1 0
github.com/Builder106/halberd/internal/policy/response.go:70.2,70.77 1 0
github.com/Builder106/halberd/internal/policy/response.go:80.2,81.48 2 0
github.com/Builder106/halberd/internal/policy/response.go:82.3,83.16 2 0
github.com/Builder106/halberd/internal/policy/response.go:84.4,85.1 1 0
github.com/Builder106/halberd/internal/policy/response.go:86.3,87.17 2 0
github.com/Builder106/halberd/internal/policy/response.go:88.4,89.1 1 0
github.com/Builder106/halberd/internal/policy/response.go:90.3,90.31 1 0
github.com/Builder106/halberd/internal/policy/response.go:94.2,95.50 2 0
github.com/Builder106/halberd/internal/policy/response.go:96.3,98.22 3 0
github.com/Builder106/halberd/internal/policy/response.go:99.4,102.11 4 0
github.com/Builder106/halberd/internal/policy/response.go:103.5,104.1 1 0
github.com/Builder106/halberd/internal/policy/response.go:106.3,106.16 1 0
github.com/Builder106/halberd/internal/policy/response.go:107.4,108.1 1 0
github.com/Builder106/halberd/internal/policy/response.go:109.3,110.17 2 0
github.com/Builder106/halberd/internal/policy/response.go:111.4,112.1 1 0
github.com/Builder106/halberd/internal/policy/response.go:113.3,113.27 1 0
github.com/Builder106/halberd/internal/policy/response.go:117.2,118.50 2 0
github.com/Builder106/halberd/internal/policy/response.go:119.3,121.25 3 0
github.com/Builder106/halberd/internal/policy/response.go:122.4,125.11 4 0
github.com/Builder106/halberd/internal/policy/response.go:126.5,127.1 1 0
github.com/Builder106/halberd/internal/policy/response.go:129.3,129.16 1 0
github.com/Builder106/halberd/internal/policy/response.go:130.4,131.1 1 0
github.com/Builder106/halberd/internal/policy/response.go:132.3,133.17 2 0
github.com/Builder106/halberd/internal/policy/response.go:134.4,135.1 1 0
github.com/Builder106/halberd/internal/policy/response.go:136.3,136.27 1 0
github.com/Builder106/halberd/internal/policy/response.go:140.2,140.24 1 0
github.com/Builder106/halberd/internal/policy/sanitize.go:39.36,39.64 1 0
github.com/Builder106/halberd/internal/policy/sanitize.go:45.36,45.64 1 0
github.com/Builder106/halberd/internal/policy/sanitize.go:51.36,51.64 1 0
github.com/Builder106/halberd/internal/policy/sanitize.go:56.2,57.33 2 0
github.com/Builder106/halberd/internal/policy/sanitize.go:58.3,59.1 1 0
github.com/Builder106/halberd/internal/policy/sanitize.go:60.2,61.34 2 0
github.com/Builder106/halberd/internal/policy/sanitize.go:69.2,71.1 3 0
github.com/Builder106/halberd/internal/policy/sanitize.go:72.2,72.24 3 0
github.com/Builder106/halberd/internal/policy/sanitize.go:73.3,73.31 1 0
github.com/Builder106/halberd/internal/policy/sanitize.go:74.4,76.1 2 0
github.com/Builder106/halberd/internal/policy/sanitize.go:77.3,77.31 1 0
github.com/Builder106/halberd/internal/policy/sanitize.go:78.4,80.1 2 0
github.com/Builder106/halberd/internal/policy/sanitize.go:83.2,83.52 1 0
github.com/Builder106/halberd/internal/policy/sanitize.go:84.3,86.1 2 0
github.com/Builder106/halberd/internal/policy/sanitize.go:88.2,88.40 1 0
github.com/Builder106/halberd/internal/policy/sanitize.go:89.3,90.10 2 0
github.com/Builder106/halberd/internal/policy/sanitize.go:91.4,91.12 1 0
github.com/Builder106/halberd/internal/policy/sanitize.go:93.3,93.29 1 0
github.com/Builder106/halberd/internal/policy/sanitize.go:94.4,96.1 2 0
github.com/Builder106/halberd/internal/policy/sanitize.go:99.2,99.24 1 0
github.com/Builder106/halberd/internal/transport/http/proxy.go:35.2,36.1 4 0
github.com/Builder106/halberd/internal/transport/http/proxy.go:40.2,41.1 4 0
github.com/Builder106/halberd/internal/transport/http/proxy.go:42.2,43.41 4 0
github.com/Builder106/halberd/internal/transport/http/proxy.go:44.3,46.1 2 0
github.com/Builder106/halberd/internal/transport/http/proxy.go:48.2,48.33 1 0
github.com/Builder106/halberd/internal/transport/http/proxy.go:49.3,49.58 1 0
github.com/Builder106/halberd/internal/transport/http/proxy.go:53.4,53.79 1 0
github.com/Builder106/halberd/internal/transport/http/proxy.go:54.5,55.1 1 0
github.com/Builder106/halberd/internal/transport/http/proxy.go:56.4,57.18 2 0
github.com/Builder106/halberd/internal/transport/http/proxy.go:58.5,59.1 1 0
github.com/Builder106/halberd/internal/transport/http/proxy.go:60.4,61.1 3 0
github.com/Builder106/halberd/internal/transport/http/proxy.go:62.4,63.34 3 0
github.com/Builder106/halberd/internal/transport/http/proxy.go:64.5,68.1 1 0
github.com/Builder106/halberd/internal/transport/http/proxy.go:70.4,74.14 5 0
github.com/Builder106/halberd/internal/transport/http/proxy.go:78.2,78.71 1 0
github.com/Builder106/halberd/internal/transport/http/proxy.go:79.3,79.34 1 0
github.com/Builder106/halberd/internal/transport/http/proxy.go:80.4,82.1 2 0
github.com/Builder106/halberd/internal/transport/http/proxy.go:84.3,85.17 2 0
github.com/Builder106/halberd/internal/transport/http/proxy.go:86.4,88.1 2 0
github.com/Builder106/halberd/internal/transport/http/proxy.go:89.3,90.1 5 0
github.com/Builder106/halberd/internal/transport/http/proxy.go:91.3,92.1 5 0
github.com/Builder106/halberd/internal/transport/http/proxy.go:93.3,102.1 5 0
github.com/Builder106/halberd/internal/transport/http/proxy.go:103.3,103.23 5 0
github.com/Builder106/halberd/internal/transport/http/proxy.go:104.4,106.1 2 0
github.com/Builder106/halberd/internal/transport/http/proxy.go:108.3,110.24 3 0
github.com/Builder106/halberd/internal/transport/http/proxy.go:115.2,116.1 3 0
github.com/Builder106/halberd/internal/transport/http/proxy.go:117.2,118.27 3 0
github.com/Builder106/halberd/internal/transport/http/proxy.go:119.3,120.1 1 0
github.com/Builder106/halberd/internal/transport/http/proxy.go:122.2,123.16 2 0
github.com/Builder106/halberd/internal/transport/http/proxy.go:124.3,127.1 3 0
github.com/Builder106/halberd/internal/transport/http/proxy.go:129.2,131.22 3 0
github.com/Builder106/halberd/internal/transport/http/proxy.go:135.2,140.1 2 0
github.com/Builder106/halberd/internal/transport/http/proxy.go:141.2,141.51 2 0
github.com/Builder106/halberd/internal/transport/http/proxy.go:142.3,143.1 1 0
github.com/Builder106/halberd/internal/transport/http/proxy.go:144.2,144.36 1 0
github.com/Builder106/halberd/internal/transport/http/proxy.go:148.2,150.1 2 0
github.com/Builder106/halberd/internal/transport/http/proxy.go:151.2,151.51 2 0
github.com/Builder106/halberd/internal/transport/http/proxy.go:152.3,153.1 1 0
github.com/Builder106/halberd/internal/transport/http/proxy.go:154.2,154.15 1 0
github.com/Builder106/halberd/internal/transport/stdio/stdio.go:60.2,61.40 2 0
github.com/Builder106/halberd/internal/transport/stdio/stdio.go:62.3,64.46 3 0
github.com/Builder106/halberd/internal/transport/stdio/stdio.go:65.4,66.1 1 0
github.com/Builder106/halberd/internal/transport/stdio/stdio.go:67.3,67.41 1 0
github.com/Builder106/halberd/internal/transport/stdio/stdio.go:68.4,70.1 2 0
github.com/Builder106/halberd/internal/transport/stdio/stdio.go:71.3,71.13 1 0
github.com/Builder106/halberd/internal/transport/stdio/stdio.go:74.2,76.1 3 0
github.com/Builder106/halberd/internal/transport/stdio/stdio.go:78.2,78.12 3 0
github.com/Builder106/halberd/internal/transport/stdio/stdio.go:79.3,80.16 2 0
github.com/Builder106/halberd/internal/transport/stdio/stdio.go:80.18,80.43 1 0
github.com/Builder106/halberd/internal/transport/stdio/stdio.go:82.3,84.17 3 0
github.com/Builder106/halberd/internal/transport/stdio/stdio.go:85.4,87.1 5 0
github.com/Builder106/halberd/internal/transport/stdio/stdio.go:88.4,96.1 5 0
github.com/Builder106/halberd/internal/transport/stdio/stdio.go:97.4,97.24 5 0
github.com/Builder106/halberd/internal/transport/stdio/stdio.go:98.5,99.15 2 0
github.com/Builder106/halberd/internal/transport/stdio/stdio.go:102.6,102.14 1 0
github.com/Builder106/halberd/internal/transport/stdio/stdio.go:104.5,105.19 2 0
github.com/Builder106/halberd/internal/transport/stdio/stdio.go:106.6,107.14 2 0
github.com/Builder106/halberd/internal/transport/stdio/stdio.go:109.5,109.47 1 0
github.com/Builder106/halberd/internal/transport/stdio/stdio.go:110.6,112.1 2 0
github.com/Builder106/halberd/internal/transport/stdio/stdio.go:113.5,113.13 1 0
github.com/Builder106/halberd/internal/transport/stdio/stdio.go:118.4,118.53 1 0
github.com/Builder106/halberd/internal/transport/stdio/stdio.go:119.5,121.1 2 0
github.com/Builder106/halberd/internal/transport/stdio/stdio.go:122.4,122.61 1 0
github.com/Builder106/halberd/internal/transport/stdio/stdio.go:123.5,125.1 2 0
github.com/Builder106/halberd/internal/transport/stdio/stdio.go:127.3,127.34 1 0
github.com/Builder106/halberd/internal/transport/stdio/stdio.go:128.4,129.1 1 0
github.com/Builder106/halberd/internal/transport/stdio/stdio.go:133.2,133.12 1 0
github.com/Builder106/halberd/internal/transport/stdio/stdio.go:134.3,138.17 5 0
github.com/Builder106/halberd/internal/transport/stdio/stdio.go:139.4,141.1 3 0
github.com/Builder106/halberd/internal/transport/stdio/stdio.go:142.4,142.24 3 0
github.com/Builder106/halberd/internal/transport/stdio/stdio.go:145.5,149.35 5 0
github.com/Builder106/halberd/internal/transport/stdio/stdio.go:150.6,154.1 1 0
github.com/Builder106/halberd/internal/transport/stdio/stdio.go:157.4,157.49 1 0
github.com/Builder106/halberd/internal/transport/stdio/stdio.go:158.5,160.1 2 0
github.com/Builder106/halberd/internal/transport/stdio/stdio.go:162.3,162.34 1 0
github.com/Builder106/halberd/internal/transport/stdio/stdio.go:163.4,164.1 1 0
github.com/Builder106/halberd/internal/transport/stdio/stdio.go:169.2,169.12 1 0
github.com/Builder106/halberd/internal/transport/stdio/stdio.go:170.3,171.60 2 0
github.com/Builder106/halberd/internal/transport/stdio/stdio.go:172.4,173.1 1 0
github.com/Builder106/halberd/internal/transport/stdio/stdio.go:176.2,177.12 2 0
github.com/Builder106/halberd/internal/transport/stdio/stdio.go:178.3,180.1 2 0
github.com/Builder106/halberd/internal/transport/stdio/stdio.go:182.2,182.9 1 0
github.com/Builder106/halberd/internal/transport/stdio/stdio.go:184.3,184.13 1 0
github.com/Builder106/halberd/internal/transport/stdio/stdio.go:186.3,186.19 1 0
github.com/Builder106/halberd/internal/transport/stdio/stdio.go:191.2,196.1 2 0
github.com/Builder106/halberd/internal/transport/stdio/stdio.go:197.2,197.51 2 0
github.com/Builder106/halberd/internal/transport/stdio/stdio.go:198.3,199.1 1 0
github.com/Builder106/halberd/internal/transport/stdio/stdio.go:200.2,200.36 1 0
github.com/Builder106/halberd/internal/transport/stdio/stdio.go:204.2,206.1 2 0
github.com/Builder106/halberd/internal/transport/stdio/stdio.go:207.2,207.51 2 0
github.com/Builder106/halberd/internal/transport/stdio/stdio.go:208.3,209.1 1 0
github.com/Builder106/halberd/internal/transport/stdio/stdio.go:212.2,212.22 1 0
github.com/Builder106/halberd/internal/transport/stdio/stdio.go:213.3,214.1 1 0
github.com/Builder106/halberd/internal/transport/stdio/stdio.go:215.2,215.21 1 0
github.com/Builder106/halberd/internal/transport/stdio/stdio.go:219.2,219.28 1 0
github.com/Builder106/halberd/internal/transport/stdio/stdio.go:220.3,221.1 1 0
github.com/Builder106/halberd/internal/transport/stdio/stdio.go:222.2,223.19 2 0
github.com/Builder106/halberd/internal/transport/stdio/stdio.go:224.3,225.1 1 0
github.com/Builder106/halberd/internal/transport/stdio/stdio.go:226.2,226.57 1 0
github.com/Builder106/halberd/cmd/halberd/main.go:18.2,18.22 1 0
github.com/Builder106/halberd/cmd/halberd/main.go:19.3,21.1 2 0
github.com/Builder106/halberd/cmd/halberd/main.go:22.2,22.20 1 0
github.com/Builder106/halberd/cmd/halberd/main.go:24.3,24.32 1 0
github.com/Builder106/halberd/cmd/halberd/main.go:26.3,26.23 1 0
github.com/Builder106/halberd/cmd/halberd/main.go:28.3,28.10 1 0
github.com/Builder106/halberd/cmd/halberd/main.go:30.3,32.13 3 0
github.com/Builder106/halberd/cmd/halberd/main.go:37.2,43.1 1 0
github.com/Builder106/halberd/cmd/halberd/main.go:46.2,46.20 1 0
github.com/Builder106/halberd/cmd/halberd/main.go:47.3,49.1 2 0
github.com/Builder106/halberd/cmd/halberd/main.go:50.2,51.16 2 0
github.com/Builder106/halberd/cmd/halberd/main.go:52.3,54.1 2 0
github.com/Builder106/halberd/cmd/halberd/main.go:55.2,56.10 2 0
github.com/Builder106/halberd/cmd/halberd-honeypot/main.go:43.2,48.1 8 0
github.com/Builder106/halberd/cmd/halberd-honeypot/main.go:50.2,52.12 8 0
github.com/Builder106/halberd/cmd/halberd-honeypot/main.go:53.3,55.1 2 0
github.com/Builder106/halberd/cmd/halberd-honeypot/main.go:57.2,57.78 1 0
github.com/Builder106/halberd/cmd/halberd-honeypot/main.go:58.3,60.1 2 0
github.com/Builder106/halberd/cmd/halberd-honeypot/main.go:67.2,69.1 5 0
github.com/Builder106/halberd/cmd/halberd-honeypot/main.go:70.2,72.1 5 0
github.com/Builder106/halberd/cmd/halberd-honeypot/main.go:73.2,73.16 5 0
github.com/Builder106/halberd/cmd/halberd-honeypot/main.go:74.3,80.1 3 0
github.com/Builder106/halberd/cmd/halberd-honeypot/main.go:81.3,81.52 3 0
github.com/Builder106/halberd/cmd/halberd-honeypot/main.go:82.4,83.12 2 0
github.com/Builder106/halberd/cmd/halberd-honeypot/main.go:87.3,87.23 1 0
github.com/Builder106/halberd/cmd/halberd-honeypot/main.go:88.4,88.12 1 0
github.com/Builder106/halberd/cmd/halberd-honeypot/main.go:91.3,92.42 2 0
github.com/Builder106/halberd/cmd/halberd-honeypot/main.go:93.4,94.1 1 0
github.com/Builder106/halberd/cmd/halberd-honeypot/main.go:96.2,96.17 1 0
github.com/Builder106/halberd/cmd/halberd-honeypot/main.go:112.2,113.1 2 0
github.com/Builder106/halberd/cmd/halberd-honeypot/main.go:114.2,114.16 2 0
github.com/Builder106/halberd/cmd/halberd-honeypot/main.go:116.3,120.1 1 0
github.com/Builder106/halberd/cmd/halberd-honeypot/main.go:122.3,122.30 1 0
github.com/Builder106/halberd/cmd/halberd-honeypot/main.go:124.3,124.47 1 0
github.com/Builder106/halberd/cmd/halberd-honeypot/main.go:126.3,126.30 1 0
github.com/Builder106/halberd/cmd/halberd-honeypot/main.go:128.3,128.76 1 0
github.com/Builder106/halberd/cmd/halberd-honeypot/main.go:130.2,130.10 1 0
github.com/Builder106/halberd/cmd/halberd-honeypot/tools.go:49.2,52.1 2 0
github.com/Builder106/halberd/cmd/halberd-honeypot/tools.go:53.2,53.51 2 0
github.com/Builder106/halberd/cmd/halberd-honeypot/tools.go:54.3,55.1 1 0
github.com/Builder106/halberd/cmd/halberd-honeypot/tools.go:57.2,57.16 1 0
github.com/Builder106/halberd/cmd/halberd-honeypot/tools.go:59.3,59.33 1 0
github.com/Builder106/halberd/cmd/halberd-honeypot/tools.go:61.3,61.33 1 0
github.com/Builder106/halberd/cmd/halberd-honeypot/tools.go:63.3,63.31 1 0
github.com/Builder106/halberd/cmd/halberd-honeypot/tools.go:65.3,65.21 1 0
github.com/Builder106/halberd/cmd/halberd-honeypot/tools.go:67.3,67.62 1 0
github.com/Builder106/halberd/cmd/halberd-honeypot/tools.go:72.2,76.1 1 0
github.com/Builder106/halberd/cmd/halberd-honeypot/tools.go:80.2,85.1 1 0
github.com/Builder106/halberd/cmd/halberd-honeypot/tools.go:98.2,102.1 2 0
github.com/Builder106/halberd/cmd/halberd-honeypot/tools.go:108.2,110.1 3 0
github.com/Builder106/halberd/cmd/halberd-honeypot/tools.go:111.2,113.1 3 0
github.com/Builder106/halberd/cmd/halberd-honeypot/tools.go:120.2,122.1 2 0
github.com/Builder106/halberd/cmd/halberd-honeypot/tools.go:123.2,123.49 2 0
github.com/Builder106/halberd/cmd/halberd-honeypot/tools.go:124.3,125.1 1 0
github.com/Builder106/halberd/cmd/halberd-honeypot/tools.go:126.2,127.16 2 0
github.com/Builder106/halberd/cmd/halberd-honeypot/tools.go:128.3,129.1 1 0
github.com/Builder106/halberd/cmd/halberd-honeypot/tools.go:130.2,132.23 3 0
github.com/Builder106/halberd/cmd/halberd-honeypot/tools.go:133.3,134.1 1 0
github.com/Builder106/halberd/cmd/halberd-honeypot/tools.go:135.2,135.24 1 0
github.com/Builder106/halberd/cmd/halberd-honeypot/tools.go:154.2,161.1 2 0
github.com/Builder106/halberd/cmd/halberd-honeypot/tools.go:164.2,165.21 2 0
github.com/Builder106/halberd/cmd/halberd-honeypot/tools.go:166.3,167.1 1 0
github.com/Builder106/halberd/cmd/halberd-honeypot/tools.go:168.2,168.20 1 0
github.com/Builder106/halberd/cmd/halberd-http/main.go:25.2,32.1 3 0
github.com/Builder106/halberd/cmd/halberd-http/main.go:33.2,33.19 3 0
github.com/Builder106/halberd/cmd/halberd-http/main.go:34.3,36.1 2 0
github.com/Builder106/halberd/cmd/halberd-http/main.go:38.2,39.16 2 0
github.com/Builder106/halberd/cmd/halberd-http/main.go:40.3,42.1 2 0
github.com/Builder106/halberd/cmd/halberd-http/main.go:44.2,45.16 2 0
github.com/Builder106/halberd/cmd/halberd-http/main.go:46.3,48.1 2 0
github.com/Builder106/halberd/cmd/halberd-http/main.go:50.2,51.16 2 0
github.com/Builder106/halberd/cmd/halberd-http/main.go:52.3,54.1 2 0
github.com/Builder106/halberd/cmd/halberd-http/main.go:55.2,56.1 8 0
github.com/Builder106/halberd/cmd/halberd-http/main.go:57.2,60.1 8 0
github.com/Builder106/halberd/cmd/halberd-http/main.go:61.2,65.1 8 0
github.com/Builder106/halberd/cmd/halberd-http/main.go:67.2,73.1 8 0
github.com/Builder106/halberd/cmd/halberd-http/main.go:74.2,75.12 8 0
github.com/Builder106/halberd/cmd/halberd-http/main.go:76.3,84.1 8 0
github.com/Builder106/halberd/cmd/halberd-http/main.go:86.2,86.86 1 0
github.com/Builder106/halberd/cmd/halberd-http/main.go:87.3,89.1 2 0
github.com/Builder106/halberd/cmd/halberd-http/main.go:90.2,91.43 2 0
github.com/Builder106/halberd/cmd/halberd-http/main.go:92.3,93.1 1 0
github.com/Builder106/halberd/cmd/halberd-http/main.go:97.2,97.17 1 0
github.com/Builder106/halberd/cmd/halberd-http/main.go:98.3,98.28 1 0
github.com/Builder106/halberd/cmd/halberd-http/main.go:98.29,98.29 0 0
github.com/Builder106/halberd/cmd/halberd-http/main.go:100.2,101.16 2 0
github.com/Builder106/halberd/cmd/halberd-http/main.go:102.3,103.1 1 0
github.com/Builder106/halberd/cmd/halberd-http/main.go:104.2,104.19 1 0
github.com/Builder106/halberd/cmd/halberd-http/main.go:104.21,104.36 1 0
github.com/Builder106/halberd/cmd/halberd-stdio/main.go:44.2,48.22 2 0
github.com/Builder106/halberd/cmd/halberd-stdio/main.go:49.3,56.1 2 0
github.com/Builder106/halberd/cmd/halberd-stdio/main.go:57.2,58.1 2 0
github.com/Builder106/halberd/cmd/halberd-stdio/main.go:59.2,59.23 2 0
github.com/Builder106/halberd/cmd/halberd-stdio/main.go:60.3,63.1 3 0
github.com/Builder106/halberd/cmd/halberd-stdio/main.go:64.2,64.22 1 0
github.com/Builder106/halberd/cmd/halberd-stdio/main.go:65.3,68.1 3 0
github.com/Builder106/halberd/cmd/halberd-stdio/main.go:69.2,69.22 1 0
github.com/Builder106/halberd/cmd/halberd-stdio/main.go:70.3,73.1 3 0
github.com/Builder106/halberd/cmd/halberd-stdio/main.go:75.2,76.16 2 0
github.com/Builder106/halberd/cmd/halberd-stdio/main.go:77.3,79.1 2 0
github.com/Builder106/halberd/cmd/halberd-stdio/main.go:81.2,82.16 2 0
github.com/Builder106/halberd/cmd/halberd-stdio/main.go:83.3,85.1 2 0
github.com/Builder106/halberd/cmd/halberd-stdio/main.go:86.2,86.15 1 0
github.com/Builder106/halberd/cmd/halberd-stdio/main.go:86.17,86.40 1 0
github.com/Builder106/halberd/cmd/halberd-stdio/main.go:88.2,90.1 6 0
github.com/Builder106/halberd/cmd/halberd-stdio/main.go:91.2,93.1 6 0
github.com/Builder106/halberd/cmd/halberd-stdio/main.go:94.2,95.43 6 0
github.com/Builder106/halberd/cmd/halberd-stdio/main.go:96.3,97.1 1 0
github.com/Builder106/halberd/cmd/halberd-stdio/main.go:98.2,99.19 2 0
github.com/Builder106/halberd/cmd/halberd-stdio/main.go:103.2,104.1 4 3
github.com/Builder106/halberd/cmd/halberd-stdio/main.go:106.2,107.1 4 3
github.com/Builder106/halberd/cmd/halberd-stdio/main.go:108.2,109.16 4 3
github.com/Builder106/halberd/cmd/halberd-stdio/main.go:110.3,112.1 2 0
github.com/Builder106/halberd/cmd/halberd-stdio/main.go:113.2,114.16 2 3
github.com/Builder106/halberd/cmd/halberd-stdio/main.go:115.3,117.1 2 0
github.com/Builder106/halberd/cmd/halberd-stdio/main.go:118.2,119.16 2 3
github.com/Builder106/halberd/cmd/halberd-stdio/main.go:120.3,122.1 2 0
github.com/Builder106/halberd/cmd/halberd-stdio/main.go:124.2,124.36 1 3
github.com/Builder106/halberd/cmd/halberd-stdio/main.go:125.3,127.1 2 1
github.com/Builder106/halberd/cmd/halberd-stdio/main.go:129.2,133.61 2 2
github.com/Builder106/halberd/cmd/halberd-stdio/main.go:134.3,135.1 1 0
github.com/Builder106/halberd/cmd/halberd-stdio/main.go:137.2,139.9 3 2
github.com/Builder106/halberd/cmd/halberd-stdio/main.go:141.3,141.11 1 1
github.com/Builder106/halberd/cmd/halberd-stdio/main.go:143.3,143.28 1 1
github.com/Builder106/halberd/cmd/halberd-stdio/main.go:145.3,146.11 2 0
github.com/Builder106/halberd/internal/audit/bus.go:48.2,48.14 1 1
github.com/Builder106/halberd/internal/audit/bus.go:49.3,50.1 1 0
github.com/Builder106/halberd/internal/audit/bus.go:51.2,55.1 4 1
github.com/Builder106/halberd/internal/audit/bus.go:56.2,58.10 4 1
github.com/Builder106/halberd/internal/audit/bus.go:71.2,71.21 1 0
github.com/Builder106/halberd/internal/audit/bus.go:72.3,73.1 1 0
github.com/Builder106/halberd/internal/audit/bus.go:74.2,74.9 1 0
github.com/Builder106/halberd/internal/audit/bus.go:76.3,77.9 2 0
github.com/Builder106/halberd/internal/audit/bus.go:78.10,78.10 0 0
github.com/Builder106/halberd/internal/audit/bus.go:80.2,80.9 1 0
github.com/Builder106/halberd/internal/audit/bus.go:81.17,81.17 0 0
github.com/Builder106/halberd/internal/audit/bus.go:83.3,83.19 1 0
github.com/Builder106/halberd/internal/audit/bus.go:90.2,91.1 1 0
github.com/Builder106/halberd/internal/audit/bus.go:98.2,98.16 1 1
github.com/Builder106/halberd/internal/audit/bus.go:99.3,100.1 1 0
github.com/Builder106/halberd/internal/audit/bus.go:101.2,101.23 1 1
github.com/Builder106/halberd/internal/audit/bus.go:102.3,103.1 1 1
github.com/Builder106/halberd/internal/audit/bus.go:104.2,105.12 2 1
github.com/Builder106/halberd/internal/audit/bus.go:106.3,108.1 2 1
github.com/Builder106/halberd/internal/audit/bus.go:109.2,109.9 1 1
github.com/Builder106/halberd/internal/audit/bus.go:111.3,111.13 1 1
github.com/Builder106/halberd/internal/audit/bus.go:113.3,113.19 1 0
github.com/Builder106/halberd/internal/audit/bus.go:118.2,120.6 3 1
github.com/Builder106/halberd/internal/audit/bus.go:121.3,121.10 1 1
github.com/Builder106/halberd/internal/audit/bus.go:126.4,126.8 1 1
github.com/Builder106/halberd/internal/audit/bus.go:127.5,127.12 1 1
github.com/Builder106/halberd/internal/audit/bus.go:129.6,129.43 1 0
github.com/Builder106/halberd/internal/audit/bus.go:130.7,131.1 1 0
github.com/Builder106/halberd/internal/audit/bus.go:133.6,133.12 1 1
github.com/Builder106/halberd/internal/audit/bus.go:137.4,137.41 1 0
github.com/Builder106/halberd/internal/audit/bus.go:138.5,139.1 1 0
github.com/Builder106/halberd/internal/jsonrpc/errors.go:11.2,19.1 2 0
github.com/Builder106/halberd/internal/jsonrpc/errors.go:20.2,21.1 2 0
github.com/Builder106/halberd/internal/policy/bundle.go:80.2,81.16 2 0
github.com/Builder106/halberd/internal/policy/bundle.go:82.3,83.1 1 0
github.com/Builder106/halberd/internal/policy/bundle.go:84.2,84.25 1 0
github.com/Builder106/halberd/internal/policy/bundle.go:91.2,92.48 2 0
github.com/Builder106/halberd/internal/policy/bundle.go:93.3,94.1 1 0
github.com/Builder106/halberd/internal/policy/bundle.go:95.2,95.36 1 0
github.com/Builder106/halberd/internal/policy/bundle.go:96.3,97.1 1 0
github.com/Builder106/halberd/internal/policy/bundle.go:98.2,98.37 1 0
github.com/Builder106/halberd/internal/policy/bundle.go:99.3,100.1 1 0
github.com/Builder106/halberd/internal/policy/bundle.go:101.2,101.16 1 0
github.com/Builder106/halberd/internal/policy/bundle.go:105.2,105.25 1 0
github.com/Builder106/halberd/internal/policy/bundle.go:106.3,106.50 1 0
github.com/Builder106/halberd/internal/policy/bundle.go:107.4,108.41 2 0
github.com/Builder106/halberd/internal/policy/bundle.go:109.5,110.19 2 0
github.com/Builder106/halberd/internal/policy/bundle.go:111.6,113.1 1 0
github.com/Builder106/halberd/internal/policy/bundle.go:114.5,114.36 1 0
github.com/Builder106/halberd/internal/policy/bundle.go:116.4,117.32 2 0
github.com/Builder106/halberd/internal/policy/bundle.go:118.5,119.39 2 0
github.com/Builder106/halberd/internal/policy/bundle.go:120.6,121.1 1 0
github.com/Builder106/halberd/internal/policy/bundle.go:123.4,123.39 1 0
github.com/Builder106/halberd/internal/policy/bundle.go:126.2,126.12 1 0
github.com/Builder106/halberd/internal/policy/bundle.go:130.2,130.20 1 0
github.com/Builder106/halberd/internal/policy/bundle.go:131.3,132.1 1 0
github.com/Builder106/halberd/internal/policy/bundle.go:133.2,133.34 1 0
github.com/Builder106/halberd/internal/policy/bundle.go:134.3,135.1 1 0
github.com/Builder106/halberd/internal/policy/bundle.go:136.2,136.36 1 0
github.com/Builder106/halberd/internal/policy/bundle.go:137.3,138.1 1 0
github.com/Builder106/halberd/internal/policy/bundle.go:139.2,139.28 1 0
github.com/Builder106/halberd/internal/policy/bundle.go:140.3,140.19 1 0
github.com/Builder106/halberd/internal/policy/bundle.go:141.4,142.1 1 0
github.com/Builder106/halberd/internal/policy/bundle.go:143.3,143.41 1 0
github.com/Builder106/halberd/internal/policy/bundle.go:144.4,144.95 1 0
github.com/Builder106/halberd/internal/policy/bundle.go:145.5,146.1 1 0
github.com/Builder106/halberd/internal/policy/bundle.go:149.2,149.30 1 0
github.com/Builder106/halberd/internal/policy/bundle.go:150.3,150.64 1 0
github.com/Builder106/halberd/internal/policy/bundle.go:151.4,151.43 1 0
github.com/Builder106/halberd/internal/policy/bundle.go:152.5,154.1 1 0
github.com/Builder106/halberd/internal/policy/bundle.go:157.2,157.12 1 0
github.com/Builder106/halberd/internal/policy/bundle.go:161.2,161.28 1 0
github.com/Builder106/halberd/internal/policy/bundle.go:162.3,162.21 1 0
github.com/Builder106/halberd/internal/policy/bundle.go:163.4,164.1 1 0
github.com/Builder106/halberd/internal/policy/bundle.go:166.2,166.26 1 0
github.com/Builder106/halberd/internal/policy/decision.go:25.2,25.19 1 0
github.com/Builder106/halberd/internal/policy/decision.go:26.3,27.1 1 0
github.com/Builder106/halberd/internal/policy/decision.go:28.2,28.18 1 0
github.com/Builder106/halberd/internal/policy/decision.go:29.3,30.1 1 0
github.com/Builder106/halberd/internal/policy/decision.go:31.2,31.70 1 0
github.com/Builder106/halberd/internal/policy/engine.go:19.2,20.1 1 1
github.com/Builder106/halberd/internal/policy/engine.go:23.36,23.60 1 0
github.com/Builder106/halberd/internal/policy/engine.go:30.2,31.1 1 2
github.com/Builder106/halberd/internal/policy/engine.go:38.2,39.54 2 0
github.com/Builder106/halberd/internal/policy/engine.go:40.3,47.1 1 0
github.com/Builder106/halberd/internal/policy/engine.go:50.2,50.20 1 0
github.com/Builder106/halberd/internal/policy/engine.go:52.3,52.40 1 0
github.com/Builder106/halberd/internal/policy/engine.go:54.3,54.20 1 0
github.com/Builder106/halberd/internal/policy/engine.go:56.3,56.57 1 0
github.com/Builder106/halberd/internal/policy/engine.go:57.4,64.1 1 0
github.com/Builder106/halberd/internal/policy/engine.go:66.3,66.20 1 0
github.com/Builder106/halberd/internal/policy/engine.go:71.2,74.1 2 0
github.com/Builder106/halberd/internal/policy/engine.go:75.2,75.53 2 0
github.com/Builder106/halberd/internal/policy/engine.go:76.3,83.1 1 0
github.com/Builder106/halberd/internal/policy/engine.go:86.2,87.12 2 0
github.com/Builder106/halberd/internal/policy/engine.go:88.3,88.55 1 0
github.com/Builder106/halberd/internal/policy/engine.go:89.4,97.1 1 0
github.com/Builder106/halberd/internal/policy/engine.go:99.3,99.20 1 0
github.com/Builder106/halberd/internal/policy/engine.go:102.2,103.47 2 0
github.com/Builder106/halberd/internal/policy/engine.go:104.3,105.15 2 0
github.com/Builder106/halberd/internal/policy/engine.go:106.4,106.12 1 0
github.com/Builder106/halberd/internal/policy/engine.go:108.3,108.86 1 0
github.com/Builder106/halberd/internal/policy/engine.go:111.2,114.1 1 0
github.com/Builder106/halberd/internal/policy/engine.go:118.2,119.9 2 0
github.com/Builder106/halberd/internal/policy/engine.go:120.3,120.28 1 0
github.com/Builder106/halberd/internal/policy/engine.go:121.4,127.1 1 0
github.com/Builder106/halberd/internal/policy/engine.go:129.3,129.13 1 0
github.com/Builder106/halberd/internal/policy/engine.go:132.2,133.1 2 0
github.com/Builder106/halberd/internal/policy/engine.go:134.2,134.53 2 0
github.com/Builder106/halberd/internal/policy/engine.go:135.3,142.1 1 0
github.com/Builder106/halberd/internal/policy/engine.go:144.2,144.26 1 0
github.com/Builder106/halberd/internal/policy/engine.go:145.3,145.39 1 0
github.com/Builder106/halberd/internal/policy/engine.go:146.4,153.1 1 0
github.com/Builder106/halberd/internal/policy/engine.go:156.2,156.39 1 0
github.com/Builder106/halberd/internal/policy/engine.go:157.3,157.49 1 0
github.com/Builder106/halberd/internal/policy/engine.go:158.4,165.1 1 0
github.com/Builder106/halberd/internal/policy/engine.go:168.2,168.12 1 0
github.com/Builder106/halberd/internal/policy/engine.go:172.2,172.17 1 0
github.com/Builder106/halberd/internal/policy/engine.go:173.3,174.1 1 0
github.com/Builder106/halberd/internal/policy/engine.go:175.2,175.22 1 0
github.com/Builder106/halberd/internal/policy/response.go:37.2,37.37 1 0
github.com/Builder106/halberd/internal/policy/response.go:38.3,39.1 1 0
github.com/Builder106/halberd/internal/policy/response.go:41.2,46.1 2 0
github.com/Builder106/halberd/internal/policy/response.go:47.2,47.54 2 0
github.com/Builder106/halberd/internal/policy/response.go:51.3,52.1 1 0
github.com/Builder106/halberd/internal/policy/response.go:53.2,53.26 1 0
github.com/Builder106/halberd/internal/policy/response.go:54.3,55.1 1 0
github.com/Builder106/halberd/internal/policy/response.go:57.2,58.15 2 0
github.com/Builder106/halberd/internal/policy/response.go:59.3,60.1 1 0
github.com/Builder106/halberd/internal/policy/response.go:62.2,64.16 3 0
github.com/Builder106/halberd/internal/policy/response.go:68.3,69.1 1 0
github.com/Builder106/halberd/internal/policy/response.go:70.2,70.77 1 0
github.com/Builder106/halberd/internal/policy/response.go:80.2,81.48 2 0
github.com/Builder106/halberd/internal/policy/response.go:82.3,83.16 2 0
github.com/Builder106/halberd/internal/policy/response.go:84.4,85.1 1 0
github.com/Builder106/halberd/internal/policy/response.go:86.3,87.17 2 0
github.com/Builder106/halberd/internal/policy/response.go:88.4,89.1 1 0
github.com/Builder106/halberd/internal/policy/response.go:90.3,90.31 1 0
github.com/Builder106/halberd/internal/policy/response.go:94.2,95.50 2 0
github.com/Builder106/halberd/internal/policy/response.go:96.3,98.22 3 0
github.com/Builder106/halberd/internal/policy/response.go:99.4,102.11 4 0
github.com/Builder106/halberd/internal/policy/response.go:103.5,104.1 1 0
github.com/Builder106/halberd/internal/policy/response.go:106.3,106.16 1 0
github.com/Builder106/halberd/internal/policy/response.go:107.4,108.1 1 0
github.com/Builder106/halberd/internal/policy/response.go:109.3,110.17 2 0
github.com/Builder106/halberd/internal/policy/response.go:111.4,112.1 1 0
github.com/Builder106/halberd/internal/policy/response.go:113.3,113.27 1 0
github.com/Builder106/halberd/internal/policy/response.go:117.2,118.50 2 0
github.com/Builder106/halberd/internal/policy/response.go:119.3,121.25 3 0
github.com/Builder106/halberd/internal/policy/response.go:122.4,125.11 4 0
github.com/Builder106/halberd/internal/policy/response.go:126.5,127.1 1 0
github.com/Builder106/halberd/internal/policy/response.go:129.3,129.16 1 0
github.com/Builder106/halberd/internal/policy/response.go:130.4,131.1 1 0
github.com/Builder106/halberd/internal/policy/response.go:132.3,133.17 2 0
github.com/Builder106/halberd/internal/policy/response.go:134.4,135.1 1 0
github.com/Builder106/halberd/internal/policy/response.go:136.3,136.27 1 0
github.com/Builder106/halberd/internal/policy/response.go:140.2,140.24 1 0
github.com/Builder106/halberd/internal/policy/sanitize.go:39.36,39.64 1 0
github.com/Builder106/halberd/internal/policy/sanitize.go:45.36,45.64 1 0
github.com/Builder106/halberd/internal/policy/sanitize.go:51.36,51.64 1 0
github.com/Builder106/halberd/internal/policy/sanitize.go:56.2,57.33 2 0
github.com/Builder106/halberd/internal/policy/sanitize.go:58.3,59.1 1 0
github.com/Builder106/halberd/internal/policy/sanitize.go:60.2,61.34 2 0
github.com/Builder106/halberd/internal/policy/sanitize.go:69.2,71.1 3 0
github.com/Builder106/halberd/internal/policy/sanitize.go:72.2,72.24 3 0
github.com/Builder106/halberd/internal/policy/sanitize.go:73.3,73.31 1 0
[...]
github.com/Builder106/halberd/internal/audit/bus.go:80.2,80.9 1 4
github.com/Builder106/halberd/internal/audit/bus.go:81.17,81.17 0 4
github.com/Builder106/halberd/internal/audit/bus.go:83.3,83.19 1 0
github.com/Builder106/halberd/internal/audit/bus.go:90.2,91.1 1 0
github.com/Builder106/halberd/internal/audit/bus.go:98.2,98.16 1 1
github.com/Builder106/halberd/internal/audit/bus.go:99.3,100.1 1 0
github.com/Builder106/halberd/internal/audit/bus.go:101.2,101.23 1 1
github.com/Builder106/halberd/internal/audit/bus.go:102.3,103.1 1 1
github.com/Builder106/halberd/internal/audit/bus.go:104.2,105.12 2 1
github.com/Builder106/halberd/internal/audit/bus.go:106.3,108.1 2 1
github.com/Builder106/halberd/internal/audit/bus.go:109.2,109.9 1 1
github.com/Builder106/halberd/internal/audit/bus.go:111.3,111.13 1 1
github.com/Builder106/halberd/internal/audit/bus.go:113.3,113.19 1 0
github.com/Builder106/halberd/internal/audit/bus.go:118.2,120.6 3 4
github.com/Builder106/halberd/internal/audit/bus.go:121.3,121.10 1 8
github.com/Builder106/halberd/internal/audit/bus.go:126.4,126.8 1 1
github.com/Builder106/halberd/internal/audit/bus.go:127.5,127.12 1 1
github.com/Builder106/halberd/internal/audit/bus.go:129.6,129.43 1 0
github.com/Builder106/halberd/internal/audit/bus.go:130.7,131.1 1 0
github.com/Builder106/halberd/internal/audit/bus.go:133.6,133.12 1 1
github.com/Builder106/halberd/internal/audit/bus.go:137.4,137.41 1 4
github.com/Builder106/halberd/internal/audit/bus.go:138.5,139.1 1 0
github.com/Builder106/halberd/internal/jsonrpc/errors.go:11.2,19.1 2 1
github.com/Builder106/halberd/internal/jsonrpc/errors.go:20.2,21.1 2 1
github.com/Builder106/halberd/internal/policy/bundle.go:80.2,81.16 2 0
github.com/Builder106/halberd/internal/policy/bundle.go:82.3,83.1 1 0
github.com/Builder106/halberd/internal/policy/bundle.go:84.2,84.25 1 0
github.com/Builder106/halberd/internal/policy/bundle.go:91.2,92.48 2 4
github.com/Builder106/halberd/internal/policy/bundle.go:93.3,94.1 1 0
github.com/Builder106/halberd/internal/policy/bundle.go:95.2,95.36 1 4
github.com/Builder106/halberd/internal/policy/bundle.go:96.3,97.1 1 0
github.com/Builder106/halberd/internal/policy/bundle.go:98.2,98.37 1 4
github.com/Builder106/halberd/internal/policy/bundle.go:99.3,100.1 1 0
github.com/Builder106/halberd/internal/policy/bundle.go:101.2,101.16 1 4
github.com/Builder106/halberd/internal/policy/bundle.go:105.2,105.25 1 4
github.com/Builder106/halberd/internal/policy/bundle.go:106.3,106.50 1 4
github.com/Builder106/halberd/internal/policy/bundle.go:107.4,108.41 2 3
github.com/Builder106/halberd/internal/policy/bundle.go:109.5,110.19 2 3
github.com/Builder106/halberd/internal/policy/bundle.go:111.6,113.1 1 0
github.com/Builder106/halberd/internal/policy/bundle.go:114.5,114.36 1 3
github.com/Builder106/halberd/internal/policy/bundle.go:116.4,117.32 2 3
github.com/Builder106/halberd/internal/policy/bundle.go:118.5,119.39 2 0
github.com/Builder106/halberd/internal/policy/bundle.go:120.6,121.1 1 0
github.com/Builder106/halberd/internal/policy/bundle.go:123.4,123.39 1 3
github.com/Builder106/halberd/internal/policy/bundle.go:126.2,126.12 1 4
github.com/Builder106/halberd/internal/policy/bundle.go:130.2,130.20 1 4
github.com/Builder106/halberd/internal/policy/bundle.go:131.3,132.1 1 0
github.com/Builder106/halberd/internal/policy/bundle.go:133.2,133.34 1 4
github.com/Builder106/halberd/internal/policy/bundle.go:134.3,135.1 1 0
github.com/Builder106/halberd/internal/policy/bundle.go:136.2,136.36 1 4
github.com/Builder106/halberd/internal/policy/bundle.go:137.3,138.1 1 0
github.com/Builder106/halberd/internal/policy/bundle.go:139.2,139.28 1 4
github.com/Builder106/halberd/internal/policy/bundle.go:140.3,140.19 1 4
github.com/Builder106/halberd/internal/policy/bundle.go:141.4,142.1 1 0
github.com/Builder106/halberd/internal/policy/bundle.go:143.3,143.41 1 4
github.com/Builder106/halberd/internal/policy/bundle.go:144.4,144.95 1 3
github.com/Builder106/halberd/internal/policy/bundle.go:145.5,146.1 1 0
github.com/Builder106/halberd/internal/policy/bundle.go:149.2,149.30 1 4
github.com/Builder106/halberd/internal/policy/bundle.go:150.3,150.64 1 1
github.com/Builder106/halberd/internal/policy/bundle.go:151.4,151.43 1 1
github.com/Builder106/halberd/internal/policy/bundle.go:152.5,154.1 1 0
github.com/Builder106/halberd/internal/policy/bundle.go:157.2,157.12 1 4
github.com/Builder106/halberd/internal/policy/bundle.go:161.2,161.28 1 3
github.com/Builder106/halberd/internal/policy/bundle.go:162.3,162.21 1 3
github.com/Builder106/halberd/internal/policy/bundle.go:163.4,164.1 1 3
github.com/Builder106/halberd/internal/policy/bundle.go:166.2,166.26 1 0
github.com/Builder106/halberd/internal/policy/decision.go:25.2,25.19 1 0
github.com/Builder106/halberd/internal/policy/decision.go:26.3,27.1 1 0
github.com/Builder106/halberd/internal/policy/decision.go:28.2,28.18 1 0
github.com/Builder106/halberd/internal/policy/decision.go:29.3,30.1 1 0
github.com/Builder106/halberd/internal/policy/decision.go:31.2,31.70 1 0
github.com/Builder106/halberd/internal/policy/engine.go:19.2,20.1 1 4
github.com/Builder106/halberd/internal/policy/engine.go:23.36,23.60 1 0
github.com/Builder106/halberd/internal/policy/engine.go:30.2,31.1 1 4
github.com/Builder106/halberd/internal/policy/engine.go:38.2,39.54 2 3
github.com/Builder106/halberd/internal/policy/engine.go:40.3,47.1 1 0
github.com/Builder106/halberd/internal/policy/engine.go:50.2,50.20 1 3
github.com/Builder106/halberd/internal/policy/engine.go:52.3,52.40 1 3
github.com/Builder106/halberd/internal/policy/engine.go:54.3,54.20 1 0
github.com/Builder106/halberd/internal/policy/engine.go:56.3,56.57 1 0
github.com/Builder106/halberd/internal/policy/engine.go:57.4,64.1 1 0
github.com/Builder106/halberd/internal/policy/engine.go:66.3,66.20 1 0
github.com/Builder106/halberd/internal/policy/engine.go:71.2,74.1 2 3
github.com/Builder106/halberd/internal/policy/engine.go:75.2,75.53 2 3
github.com/Builder106/halberd/internal/policy/engine.go:76.3,83.1 1 0
github.com/Builder106/halberd/internal/policy/engine.go:86.2,87.12 2 3
github.com/Builder106/halberd/internal/policy/engine.go:88.3,88.55 1 0
github.com/Builder106/halberd/internal/policy/engine.go:89.4,97.1 1 0
github.com/Builder106/halberd/internal/policy/engine.go:99.3,99.20 1 0
github.com/Builder106/halberd/internal/policy/engine.go:102.2,103.47 2 3
github.com/Builder106/halberd/internal/policy/engine.go:104.3,105.15 2 2
github.com/Builder106/halberd/internal/policy/engine.go:106.4,106.12 1 0
github.com/Builder106/halberd/internal/policy/engine.go:108.3,108.86 1 2
github.com/Builder106/halberd/internal/policy/engine.go:111.2,114.1 1 3
github.com/Builder106/halberd/internal/policy/engine.go:118.2,119.9 2 2
github.com/Builder106/halberd/internal/policy/engine.go:120.3,120.28 1 0
github.com/Builder106/halberd/internal/policy/engine.go:121.4,127.1 1 0
github.com/Builder106/halberd/internal/policy/engine.go:129.3,129.13 1 0
github.com/Builder106/halberd/internal/policy/engine.go:132.2,133.1 2 2
github.com/Builder106/halberd/internal/policy/engine.go:134.2,134.53 2 2
github.com/Builder106/halberd/internal/policy/engine.go:135.3,142.1 1 0
github.com/Builder106/halberd/internal/policy/engine.go:144.2,144.26 1 2
github.com/Builder106/halberd/internal/policy/engine.go:145.3,145.39 1 0
github.com/Builder106/halberd/internal/policy/engine.go:146.4,153.1 1 0
github.com/Builder106/halberd/internal/policy/engine.go:156.2,156.39 1 2
github.com/Builder106/halberd/internal/policy/engine.go:157.3,157.49 1 2
github.com/Builder106/halberd/internal/policy/engine.go:158.4,165.1 1 1
github.com/Builder106/halberd/internal/policy/engine.go:168.2,168.12 1 2
github.com/Builder106/halberd/internal/policy/engine.go:172.2,172.17 1 1
github.com/Builder106/halberd/internal/policy/engine.go:173.3,174.1 1 1
github.com/Builder106/halberd/internal/policy/engine.go:175.2,175.22 1 0
github.com/Builder106/halberd/internal/policy/response.go:37.2,37.37 1 1
github.com/Builder106/halberd/internal/policy/response.go:38.3,39.1 1 0
github.com/Builder106/halberd/internal/policy/response.go:41.2,46.1 2 1
github.com/Builder106/halberd/internal/policy/response.go:47.2,47.54 2 1
github.com/Builder106/halberd/internal/policy/response.go:51.3,52.1 1 0
github.com/Builder106/halberd/internal/policy/response.go:53.2,53.26 1 1
github.com/Builder106/halberd/internal/policy/response.go:54.3,55.1 1 0
github.com/Builder106/halberd/internal/policy/response.go:57.2,58.15 2 1
github.com/Builder106/halberd/internal/policy/response.go:59.3,60.1 1 0
github.com/Builder106/halberd/internal/policy/response.go:62.2,64.16 3 1
github.com/Builder106/halberd/internal/policy/response.go:68.3,69.1 1 0
github.com/Builder106/halberd/internal/policy/response.go:70.2,70.77 1 1
github.com/Builder106/halberd/internal/policy/response.go:80.2,81.48 2 5
github.com/Builder106/halberd/internal/policy/response.go:82.3,83.16 2 2
github.com/Builder106/halberd/internal/policy/response.go:84.4,85.1 1 1
github.com/Builder106/halberd/internal/policy/response.go:86.3,87.17 2 1
github.com/Builder106/halberd/internal/policy/response.go:88.4,89.1 1 0
github.com/Builder106/halberd/internal/policy/response.go:90.3,90.31 1 1
github.com/Builder106/halberd/internal/policy/response.go:94.2,95.50 2 3
github.com/Builder106/halberd/internal/policy/response.go:96.3,98.22 3 1
github.com/Builder106/halberd/internal/policy/response.go:99.4,102.11 4 1
github.com/Builder106/halberd/internal/policy/response.go:103.5,104.1 1 1
github.com/Builder106/halberd/internal/policy/response.go:106.3,106.16 1 1
github.com/Builder106/halberd/internal/policy/response.go:107.4,108.1 1 0
github.com/Builder106/halberd/internal/policy/response.go:109.3,110.17 2 1
github.com/Builder106/halberd/internal/policy/response.go:111.4,112.1 1 0
github.com/Builder106/halberd/internal/policy/response.go:113.3,113.27 1 1
github.com/Builder106/halberd/internal/policy/response.go:117.2,118.50 2 2
github.com/Builder106/halberd/internal/policy/response.go:119.3,121.25 3 2
github.com/Builder106/halberd/internal/policy/response.go:122.4,125.11 4 3
github.com/Builder106/halberd/internal/policy/response.go:126.5,127.1 1 2
github.com/Builder106/halberd/internal/policy/response.go:129.3,129.16 1 2
github.com/Builder106/halberd/internal/policy/response.go:130.4,131.1 1 0
github.com/Builder106/halberd/internal/policy/response.go:132.3,133.17 2 2
github.com/Builder106/halberd/internal/policy/response.go:134.4,135.1 1 0
github.com/Builder106/halberd/internal/policy/response.go:136.3,136.27 1 2
github.com/Builder106/halberd/internal/policy/response.go:140.2,140.24 1 0
github.com/Builder106/halberd/internal/policy/sanitize.go:39.36,39.64 1 1
github.com/Builder106/halberd/internal/policy/sanitize.go:45.36,45.64 1 0
github.com/Builder106/halberd/internal/policy/sanitize.go:51.36,51.64 1 0
github.com/Builder106/halberd/internal/policy/sanitize.go:56.2,57.33 2 0
github.com/Builder106/halberd/internal/policy/sanitize.go:58.3,59.1 1 0
github.com/Builder106/halberd/internal/policy/sanitize.go:60.2,61.34 2 0
github.com/Builder106/halberd/internal/policy/sanitize.go:69.2,71.1 3 2
github.com/Builder106/halberd/internal/policy/sanitize.go:72.2,72.24 3 2
github.com/Builder106/halberd/internal/policy/sanitize.go:73.3,73.31 1 2
github.com/Builder106/halberd/internal/policy/sanitize.go:74.4,76.1 2 0
github.com/Builder106/halberd/internal/policy/sanitize.go:77.3,77.31 1 2
github.com/Builder106/halberd/internal/policy/sanitize.go:78.4,80.1 2 0
github.com/Builder106/halberd/internal/policy/sanitize.go:83.2,83.52 1 2
github.com/Builder106/halberd/internal/policy/sanitize.go:84.3,86.1 2 0
github.com/Builder106/halberd/internal/policy/sanitize.go:88.2,88.40 1 2
github.com/Builder106/halberd/internal/policy/sanitize.go:89.3,90.10 2 2
github.com/Builder106/halberd/internal/policy/sanitize.go:91.4,91.12 1 0
github.com/Builder106/halberd/internal/policy/sanitize.go:93.3,93.29 1 2
github.com/Builder106/halberd/internal/policy/sanitize.go:94.4,96.1 2 1
github.com/Builder106/halberd/internal/policy/sanitize.go:99.2,99.24 1 2
github.com/Builder106/halberd/internal/transport/http/proxy.go:35.2,36.1 4 4
github.com/Builder106/halberd/internal/transport/http/proxy.go:40.2,41.1 4 4
github.com/Builder106/halberd/internal/transport/http/proxy.go:42.2,43.41 4 4
github.com/Builder106/halberd/internal/transport/http/proxy.go:44.3,46.1 2 3
github.com/Builder106/halberd/internal/transport/http/proxy.go:48.2,48.33 1 4
github.com/Builder106/halberd/internal/transport/http/proxy.go:49.3,49.58 1 1
github.com/Builder106/halberd/internal/transport/http/proxy.go:53.4,53.79 1 1
github.com/Builder106/halberd/internal/transport/http/proxy.go:54.5,55.1 1 0
github.com/Builder106/halberd/internal/transport/http/proxy.go:56.4,57.18 2 1
github.com/Builder106/halberd/internal/transport/http/proxy.go:58.5,59.1 1 0
github.com/Builder106/halberd/internal/transport/http/proxy.go:60.4,61.1 3 1
github.com/Builder106/halberd/internal/transport/http/proxy.go:62.4,63.34 3 1
github.com/Builder106/halberd/internal/transport/http/proxy.go:64.5,68.1 1 1
github.com/Builder106/halberd/internal/transport/http/proxy.go:70.4,74.14 5 1
github.com/Builder106/halberd/internal/transport/http/proxy.go:78.2,78.71 1 4
github.com/Builder106/halberd/internal/transport/http/proxy.go:79.3,79.34 1 4
github.com/Builder106/halberd/internal/transport/http/proxy.go:80.4,82.1 2 1
github.com/Builder106/halberd/internal/transport/http/proxy.go:84.3,85.17 2 3
github.com/Builder106/halberd/internal/transport/http/proxy.go:86.4,88.1 2 0
github.com/Builder106/halberd/internal/transport/http/proxy.go:89.3,90.1 5 3
github.com/Builder106/halberd/internal/transport/http/proxy.go:91.3,92.1 5 3
github.com/Builder106/halberd/internal/transport/http/proxy.go:93.3,102.1 5 3
github.com/Builder106/halberd/internal/transport/http/proxy.go:103.3,103.23 5 3
github.com/Builder106/halberd/internal/transport/http/proxy.go:104.4,106.1 2 1
github.com/Builder106/halberd/internal/transport/http/proxy.go:108.3,110.24 3 2
github.com/Builder106/halberd/internal/transport/http/proxy.go:115.2,116.1 3 1
github.com/Builder106/halberd/internal/transport/http/proxy.go:117.2,118.27 3 1
github.com/Builder106/halberd/internal/transport/http/proxy.go:119.3,120.1 1 1
github.com/Builder106/halberd/internal/transport/http/proxy.go:122.2,123.16 2 1
github.com/Builder106/halberd/internal/transport/http/proxy.go:124.3,127.1 3 0
github.com/Builder106/halberd/internal/transport/http/proxy.go:129.2,131.22 3 1
github.com/Builder106/halberd/internal/transport/http/proxy.go:135.2,140.1 2 3
github.com/Builder106/halberd/internal/transport/http/proxy.go:141.2,141.51 2 3
github.com/Builder106/halberd/internal/transport/http/proxy.go:142.3,143.1 1 0
github.com/Builder106/halberd/internal/transport/http/proxy.go:144.2,144.36 1 3
github.com/Builder106/halberd/internal/transport/http/proxy.go:148.2,150.1 2 1
github.com/Builder106/halberd/internal/transport/http/proxy.go:151.2,151.51 2 1
github.com/Builder106/halberd/internal/transport/http/proxy.go:152.3,153.1 1 0
github.com/Builder106/halberd/internal/transport/http/proxy.go:154.2,154.15 1 1
github.com/Builder106/halberd/internal/transport/stdio/stdio.go:60.2,61.40 2 0
github.com/Builder106/halberd/internal/transport/stdio/stdio.go:62.3,64.46 3 0
github.com/Builder106/halberd/internal/transport/stdio/stdio.go:65.4,66.1 1 0
github.com/Builder106/halberd/internal/transport/stdio/stdio.go:67.3,67.41 1 0
github.com/Builder106/halberd/internal/transport/stdio/stdio.go:68.4,70.1 2 0
github.com/Builder106/halberd/internal/transport/stdio/stdio.go:71.3,71.13 1 0
github.com/Builder106/halberd/internal/transport/stdio/stdio.go:74.2,76.1 3 0
github.com/Builder106/halberd/internal/transport/stdio/stdio.go:78.2,78.12 3 0
github.com/Builder106/halberd/internal/transport/stdio/stdio.go:79.3,80.16 2 0
github.com/Builder106/halberd/internal/transport/stdio/stdio.go:80.18,80.43 1 0
github.com/Builder106/halberd/internal/transport/stdio/stdio.go:82.3,84.17 3 0
github.com/Builder106/halberd/internal/transport/stdio/stdio.go:85.4,87.1 5 0
github.com/Builder106/halberd/internal/transport/stdio/stdio.go:88.4,96.1 5 0
github.com/Builder106/halberd/internal/transport/stdio/stdio.go:97.4,97.24 5 0
github.com/Builder106/halberd/internal/transport/stdio/stdio.go:98.5,99.15 2 0
github.com/Builder106/halberd/internal/transport/stdio/stdio.go:102.6,102.14 1 0
github.com/Builder106/halberd/internal/transport/stdio/stdio.go:104.5,105.19 2 0
github.com/Builder106/halberd/internal/transport/stdio/stdio.go:106.6,107.14 2 0
github.com/Builder106/halberd/internal/transport/stdio/stdio.go:109.5,109.47 1 0
github.com/Builder106/halberd/internal/transport/stdio/stdio.go:110.6,112.1 2 0
github.com/Builder106/halberd/internal/transport/stdio/stdio.go:113.5,113.13 1 0
github.com/Builder106/halberd/internal/transport/stdio/stdio.go:118.4,118.53 1 0
github.com/Builder106/halberd/internal/transport/stdio/stdio.go:119.5,121.1 2 0
github.com/Builder106/halberd/internal/transport/stdio/stdio.go:122.4,122.61 1 0
github.com/Builder106/halberd/internal/transport/stdio/stdio.go:123.5,125.1 2 0
github.com/Builder106/halberd/internal/transport/stdio/stdio.go:127.3,127.34 1 0
github.com/Builder106/halberd/internal/transport/stdio/stdio.go:128.4,129.1 1 0
github.com/Builder106/halberd/internal/transport/stdio/stdio.go:133.2,133.12 1 0
github.com/Builder106/halberd/internal/transport/stdio/stdio.go:134.3,138.17 5 0
github.com/Builder106/halberd/internal/transport/stdio/stdio.go:139.4,141.1 3 0
github.com/Builder106/halberd/internal/transport/stdio/stdio.go:142.4,142.24 3 0
github.com/Builder106/halberd/internal/transport/stdio/stdio.go:145.5,149.35 5 0
github.com/Builder106/halberd/internal/transport/stdio/stdio.go:150.6,154.1 1 0
github.com/Builder106/halberd/internal/transport/stdio/stdio.go:157.4,157.49 1 0
github.com/Builder106/halberd/internal/transport/stdio/stdio.go:158.5,160.1 2 0
github.com/Builder106/halberd/internal/transport/stdio/stdio.go:162.3,162.34 1 0
github.com/Builder106/halberd/internal/transport/stdio/stdio.go:163.4,164.1 1 0
github.com/Builder106/halberd/internal/transport/stdio/stdio.go:169.2,169.12 1 0
github.com/Builder106/halberd/internal/transport/stdio/stdio.go:170.3,171.60 2 0
github.com/Builder106/halberd/internal/transport/stdio/stdio.go:172.4,173.1 1 0
github.com/Builder106/halberd/internal/transport/stdio/stdio.go:176.2,177.12 2 0
github.com/Builder106/halberd/internal/transport/stdio/stdio.go:178.3,180.1 2 0
github.com/Builder106/halberd/internal/transport/stdio/stdio.go:182.2,182.9 1 0
github.com/Builder106/halberd/internal/transport/stdio/stdio.go:184.3,184.13 1 0
github.com/Builder106/halberd/internal/transport/stdio/stdio.go:186.3,186.19 1 0
github.com/Builder106/halberd/internal/transport/stdio/stdio.go:191.2,196.1 2 0
github.com/Builder106/halberd/internal/transport/stdio/stdio.go:197.2,197.51 2 0
github.com/Builder106/halberd/internal/transport/stdio/stdio.go:198.3,199.1 1 0
github.com/Builder106/halberd/internal/transport/stdio/stdio.go:200.2,200.36 1 0
github.com/Builder106/halberd/internal/transport/stdio/stdio.go:204.2,206.1 2 0
github.com/Builder106/halberd/internal/transport/stdio/stdio.go:207.2,207.51 2 0
github.com/Builder106/halberd/internal/transport/stdio/stdio.go:208.3,209.1 1 0
github.com/Builder106/halberd/internal/transport/stdio/stdio.go:212.2,212.22 1 0
github.com/Builder106/halberd/internal/transport/stdio/stdio.go:213.3,214.1 1 0
github.com/Builder106/halberd/internal/transport/stdio/stdio.go:215.2,215.21 1 0
github.com/Builder106/halberd/internal/transport/stdio/stdio.go:219.2,219.28 1 0
github.com/Builder106/halberd/internal/transport/stdio/stdio.go:220.3,221.1 1 0
github.com/Builder106/halberd/internal/transport/stdio/stdio.go:222.2,223.19 2 0
github.com/Builder106/halberd/internal/transport/stdio/stdio.go:224.3,225.1 1 0
github.com/Builder106/halberd/internal/transport/stdio/stdio.go:226.2,226.57 1 0
